2026-02-25 12:33:26,106 - ETL_Worker - INFO - Initializing Database Connections...
2026-02-25 12:33:26,126 - ETL_Worker - CRITICAL - Unhandled exception in main execution: No module named 'pyodbc'
2026-02-25 12:35:21,300 - ETL_Worker - INFO - Initializing Database Connections...
2026-02-25 12:35:21,316 - root - INFO - Connected to SQL Server: Onc
2026-02-25 12:35:21,424 - root - INFO - Connected to Oracle Database
2026-02-25 12:35:21,424 - root - INFO - Connected to SQL Server: HDS_IMG
2026-02-25 12:35:21,424 - ETL_Worker - INFO - Starting ETL Process...
2026-02-25 12:35:21,424 - ETL_Worker - INFO - Step 1: Reading data from Onc Database...
2026-02-25 12:37:06,974 - ETL_Worker - INFO - Retrieved 83374 records from Onc.
2026-02-25 12:37:18,967 - ETL_Worker - INFO - Step 2: Reading from Oracle with Chunking...
2026-02-25 12:43:46,893 - ETL_Worker - INFO - Initializing Database Connections...
2026-02-25 12:43:46,904 - root - INFO - Connected to SQL Server: Onc
2026-02-25 12:43:47,012 - root - INFO - Connected to Oracle Database
2026-02-25 12:43:47,012 - root - INFO - Connected to SQL Server: HDS_IMG
2026-02-25 12:43:47,012 - ETL_Worker - INFO - Starting ETL Process...
2026-02-25 12:43:47,012 - ETL_Worker - INFO - Step 1: Reading data from Onc Database...
2026-02-25 12:43:53,416 - ETL_Worker - INFO - Retrieved 83374 records from Onc.
2026-02-25 12:44:02,724 - ETL_Worker - INFO - Step 2: Reading from Oracle with Chunking...
2026-02-25 12:47:29,725 - ETL_Worker - INFO - Initializing Database Connections...
2026-02-25 12:47:29,734 - root - INFO - Connected to SQL Server: Onc
2026-02-25 12:47:29,782 - root - INFO - Connected to Oracle Database
2026-02-25 12:47:29,782 - root - INFO - Connected to SQL Server: HDS_IMG
2026-02-25 12:47:29,782 - ETL_Worker - INFO - Starting ETL Process...
2026-02-25 12:47:29,782 - ETL_Worker - INFO - Step 1: Reading data from Onc Database...
2026-02-25 12:47:30,045 - ETL_Worker - INFO - Retrieved 83374 records from Onc.
2026-02-25 12:47:30,045 - ETL_Worker - INFO - Step 2: Reading from Oracle with Chunking...
2026-02-25 12:53:16,399 - ETL_Worker - INFO - Initializing Database Connections...
2026-02-25 12:53:16,407 - root - INFO - Connected to SQL Server: Onc
2026-02-25 12:53:16,454 - root - INFO - Connected to Oracle Database
2026-02-25 12:53:16,454 - root - INFO - Connected to SQL Server: HDS_IMG
2026-02-25 12:53:16,454 - ETL_Worker - INFO - Starting ETL Process...
2026-02-25 12:53:16,454 - ETL_Worker - INFO - Step 1: Reading data from Onc Database...
2026-02-25 12:53:16,569 - ETL_Worker - INFO - Retrieved 7 records from Onc.
2026-02-25 12:53:16,569 - ETL_Worker - INFO - Step 2: Reading from Oracle with Chunking...
2026-02-25 12:53:19,032 - ETL_Worker - INFO - Retrieved 13374 records from Oracle.
2026-02-25 12:53:19,032 - ETL_Worker - INFO - Merging datasets...
2026-02-25 12:53:19,034 - ETL_Worker - INFO - Step 3: Inserting data into HDS_IMG...
2026-02-25 12:53:19,332 - root - ERROR - Error writing to DB: Execution failed on sql 'INSERT INTO "Fact_Imaging_Onc_Banzat_Id_Images" (id, filename, "Baznat_Id") VALUES (:id, :filename, :Baznat_Id)': (pyodbc.ProgrammingError) ('42S22', "[42S22] [Microsoft][ODBC Driver 17 for SQL Server][SQL Server]Invalid column name 'id'. (207) (SQLExecDirectW); [42S22] [Microsoft][ODBC Driver 17 for SQL Server][SQL Server]Invalid column name 'filename'. (207); [42S22] [Microsoft][ODBC Driver 17 for SQL Server][SQL Server]Invalid column name 'id'. (207); [42S22] [Microsoft][ODBC Driver 17 for SQL Server][SQL Server]Invalid column name 'filename'. (207); [42S22] [Microsoft][ODBC Driver 17 for SQL Server][SQL Server]Statement(s) could not be prepared. (8180)")
[SQL: INSERT INTO [Fact_Imaging_Onc_Banzat_Id_Images] (id, filename, [Baznat_Id]) VALUES (?, ?, ?), (?, ?, ?), (?, ?, ?), (?, ?, ?), (?, ?, ?), (?, ?, ?), (?, ?, ?), (?, ?, ?), (?, ?, ?), (?, ?, ?), (?, ?, ?), (?, ?, ?), (?, ?, ?), (?, ?, ?), (?, ?, ?), (? ... 7420 characters truncated ... ), (?, ?, ?), (?, ?, ?), (?, ?, ?), (?, ?, ?), (?, ?, ?), (?, ?, ?), (?, ?, ?), (?, ?, ?), (?, ?, ?)]
[parameters: (9208723, '01012025\\SAMIMI_SUZAN__\\250810096_2\\1.3.46.670589.11.71619.5.0.5276.2025010110594108110', 3608482, 9208723, '01012025\\SAMIMI_SUZAN__\\250810096_2\\1.3.46.670589.11.71619.5.0.7252.2025010110592875684', 3608482, 9208723, '01012025\\SAMIMI_SUZAN__\\250810096_2\\1.3.46.670589.11.71619.5.0.7252.2025010110592877686', 3608482, 9208723, '01012025\\SAMIMI_SUZAN__\\250810096_2\\1.3.46.670589.11.71619.5.0.5276.2025010110594122169', 3608482, 9208723, '01012025\\SAMIMI_SUZAN__\\250810096_2\\1.3.46.670589.11.71619.5.0.5276.2025010110594124176', 3608482, 9208723, '01012025\\SAMIMI_SUZAN__\\250810096_2\\1.3.46.670589.11.71619.5.0.7252.2025010110592800613', 3608482, 9208723, '01012025\\SAMIMI_SUZAN__\\250810096_2\\1.3.46.670589.11.71619.5.0.15096.2025010110595139115', 3608482, 9208723, '01012025\\SAMIMI_SUZAN__\\250810096_2\\1.3.46.670589.11.71619.5.0.5276.2025010110594092044', 3608482, 9208723, '01012025\\SAMIMI_SUZAN__\\250810096_2\\1.3.46.670589.11.71619.5.0.5276.2025010110594110116', 3608482, 9208723, '01012025\\SAMIMI_SUZAN__\\250810096_2\\1.3.46.670589.11.71619.5.0.7252.2025010110592902710', 3608482, 9208723, '01012025\\SAMIMI_SUZAN__\\250810096_2\\1.3.46.670589.11.71619.5.0.7252.2025010110592905714', 3608482, 9208723, '01012025\\SAMIMI_SUZAN__\\250810096_2\\1.3.46.670589.11.71619.5.0.5276.2025010110594095054', 3608482, 9208723, '01012025\\SAMIMI_SUZAN__\\250810096_2\\1.3.46.670589.11.71619.5.0.15096.2025010110595129072', 3608482, 9208723, '01012025\\SAMIMI_SUZAN__\\250810096_2\\1.3.46.670589.11.71619.5.0.15096.2025010110595130076', 3608482, 9208723, '01012025\\SAMIMI_SUZAN__\\250810096_2\\1.3.46.670589.11.71619.5.0.7252.2025010110592926734', 3608482, 9208723, '01012025\\SAMIMI_SUZAN__\\250810096_2\\1.3.46.670589.11.71619.5.0.7252.2025010110592932740', 3608482, 9208723, '01012025\\SAMIMI_SUZAN__\\250810096_2\\1.3.46.670589.11.71619.5.0.5276.2025010110594126185' ... 1997 parameters truncated ... '01012025\\SAMIMI_SUZAN__\\250810096_2\\1.3.46.670589.11.71619.5.0.10444.2025010110241575073', 3608482, 9208723, '01012025\\SAMIMI_SUZAN__\\250810096_2\\1.3.46.670589.11.71619.5.0.7252.2025010110240393344', 3608482, 9208723, '01012025\\SAMIMI_SUZAN__\\250810096_2\\1.3.46.670589.11.71619.5.0.16244.2025010110242445165', 3608482, 9208723, '01012025\\SAMIMI_SUZAN__\\250810096_2\\1.3.46.670589.11.71619.5.0.7252.2025010110281612688', 3608482, 9208723, '01012025\\SAMIMI_SUZAN__\\250810096_2\\1.3.46.670589.11.71619.5.0.10444.2025010110241587191', 3608482, 9208723, '01012025\\SAMIMI_SUZAN__\\250810096_2\\1.3.46.670589.11.71619.5.0.3292.2025010110191629024', 3608482, 9208723, '01012025\\SAMIMI_SUZAN__\\250810096_2\\1.3.46.670589.11.71619.5.0.3292.2025010110191629025', 3608482, 9208723, '01012025\\SAMIMI_SUZAN__\\250810096_2\\1.3.46.670589.11.71619.5.0.10444.2025010110241575081', 3608482, 9208723, '01012025\\SAMIMI_SUZAN__\\250810096_2\\1.3.46.670589.11.71619.5.0.7252.2025010110240417364', 3608482, 9208723, '01012025\\SAMIMI_SUZAN__\\250810096_2\\1.3.46.670589.11.71619.5.0.16244.2025010110242447174', 3608482, 9208723, '01012025\\SAMIMI_SUZAN__\\250810096_2\\1.3.46.670589.11.71619.5.0.13724.2025010110282194112', 3608482, 9208723, '01012025\\SAMIMI_SUZAN__\\250810096_2\\1.3.46.670589.11.71619.5.0.10444.2025010110241567016', 3608482, 9208723, '01012025\\SAMIMI_SUZAN__\\250810096_2\\1.3.46.670589.11.71619.5.0.7252.2025010110190908165', 3608482, 9208723, '01012025\\SAMIMI_SUZAN__\\250810096_2\\1.3.46.670589.11.71619.5.0.13724.2025010110282194114', 3608482, 9208723, '01012025\\SAMIMI_SUZAN__\\250810096_2\\1.3.46.670589.11.71619.5.0.7252.2025010110190933195', 3608482, 9208723, '01012025\\SAMIMI_SUZAN__\\250810096_2\\1.3.46.670589.11.71619.5.0.10444.2025010110241575084', 3608482, 9208723, '01012025\\SAMIMI_SUZAN__\\250810096_2\\1.3.46.670589.11.71619.5.0.16244.2025010110242447182', 3608482)]
(Background on this error at: https://sqlalche.me/e/20/f405)
2026-02-25 12:53:19,338 - ETL_Worker - CRITICAL - Unhandled exception in main execution: Execution failed on sql 'INSERT INTO "Fact_Imaging_Onc_Banzat_Id_Images" (id, filename, "Baznat_Id") VALUES (:id, :filename, :Baznat_Id)': (pyodbc.ProgrammingError) ('42S22', "[42S22] [Microsoft][ODBC Driver 17 for SQL Server][SQL Server]Invalid column name 'id'. (207) (SQLExecDirectW); [42S22] [Microsoft][ODBC Driver 17 for SQL Server][SQL Server]Invalid column name 'filename'. (207); [42S22] [Microsoft][ODBC Driver 17 for SQL Server][SQL Server]Invalid column name 'id'. (207); [42S22] [Microsoft][ODBC Driver 17 for SQL Server][SQL Server]Invalid column name 'filename'. (207); [42S22] [Microsoft][ODBC Driver 17 for SQL Server][SQL Server]Statement(s) could not be prepared. (8180)")
[SQL: INSERT INTO [Fact_Imaging_Onc_Banzat_Id_Images] (id, filename, [Baznat_Id]) VALUES (?, ?, ?), (?, ?, ?), (?, ?, ?), (?, ?, ?), (?, ?, ?), (?, ?, ?), (?, ?, ?), (?, ?, ?), (?, ?, ?), (?, ?, ?), (?, ?, ?), (?, ?, ?), (?, ?, ?), (?, ?, ?), (?, ?, ?), (? ... 7420 characters truncated ... ), (?, ?, ?), (?, ?, ?), (?, ?, ?), (?, ?, ?), (?, ?, ?), (?, ?, ?), (?, ?, ?), (?, ?, ?), (?, ?, ?)]
[parameters: (9208723, '01012025\\SAMIMI_SUZAN__\\250810096_2\\1.3.46.670589.11.71619.5.0.5276.2025010110594108110', 3608482, 9208723, '01012025\\SAMIMI_SUZAN__\\250810096_2\\1.3.46.670589.11.71619.5.0.7252.2025010110592875684', 3608482, 9208723, '01012025\\SAMIMI_SUZAN__\\250810096_2\\1.3.46.670589.11.71619.5.0.7252.2025010110592877686', 3608482, 9208723, '01012025\\SAMIMI_SUZAN__\\250810096_2\\1.3.46.670589.11.71619.5.0.5276.2025010110594122169', 3608482, 9208723, '01012025\\SAMIMI_SUZAN__\\250810096_2\\1.3.46.670589.11.71619.5.0.5276.2025010110594124176', 3608482, 9208723, '01012025\\SAMIMI_SUZAN__\\250810096_2\\1.3.46.670589.11.71619.5.0.7252.2025010110592800613', 3608482, 9208723, '01012025\\SAMIMI_SUZAN__\\250810096_2\\1.3.46.670589.11.71619.5.0.15096.2025010110595139115', 3608482, 9208723, '01012025\\SAMIMI_SUZAN__\\250810096_2\\1.3.46.670589.11.71619.5.0.5276.2025010110594092044', 3608482, 9208723, '01012025\\SAMIMI_SUZAN__\\250810096_2\\1.3.46.670589.11.71619.5.0.5276.2025010110594110116', 3608482, 9208723, '01012025\\SAMIMI_SUZAN__\\250810096_2\\1.3.46.670589.11.71619.5.0.7252.2025010110592902710', 3608482, 9208723, '01012025\\SAMIMI_SUZAN__\\250810096_2\\1.3.46.670589.11.71619.5.0.7252.2025010110592905714', 3608482, 9208723, '01012025\\SAMIMI_SUZAN__\\250810096_2\\1.3.46.670589.11.71619.5.0.5276.2025010110594095054', 3608482, 9208723, '01012025\\SAMIMI_SUZAN__\\250810096_2\\1.3.46.670589.11.71619.5.0.15096.2025010110595129072', 3608482, 9208723, '01012025\\SAMIMI_SUZAN__\\250810096_2\\1.3.46.670589.11.71619.5.0.15096.2025010110595130076', 3608482, 9208723, '01012025\\SAMIMI_SUZAN__\\250810096_2\\1.3.46.670589.11.71619.5.0.7252.2025010110592926734', 3608482, 9208723, '01012025\\SAMIMI_SUZAN__\\250810096_2\\1.3.46.670589.11.71619.5.0.7252.2025010110592932740', 3608482, 9208723, '01012025\\SAMIMI_SUZAN__\\250810096_2\\1.3.46.670589.11.71619.5.0.5276.2025010110594126185' ... 1997 parameters truncated ... '01012025\\SAMIMI_SUZAN__\\250810096_2\\1.3.46.670589.11.71619.5.0.10444.2025010110241575073', 3608482, 9208723, '01012025\\SAMIMI_SUZAN__\\250810096_2\\1.3.46.670589.11.71619.5.0.7252.2025010110240393344', 3608482, 9208723, '01012025\\SAMIMI_SUZAN__\\250810096_2\\1.3.46.670589.11.71619.5.0.16244.2025010110242445165', 3608482, 9208723, '01012025\\SAMIMI_SUZAN__\\250810096_2\\1.3.46.670589.11.71619.5.0.7252.2025010110281612688', 3608482, 9208723, '01012025\\SAMIMI_SUZAN__\\250810096_2\\1.3.46.670589.11.71619.5.0.10444.2025010110241587191', 3608482, 9208723, '01012025\\SAMIMI_SUZAN__\\250810096_2\\1.3.46.670589.11.71619.5.0.3292.2025010110191629024', 3608482, 9208723, '01012025\\SAMIMI_SUZAN__\\250810096_2\\1.3.46.670589.11.71619.5.0.3292.2025010110191629025', 3608482, 9208723, '01012025\\SAMIMI_SUZAN__\\250810096_2\\1.3.46.670589.11.71619.5.0.10444.2025010110241575081', 3608482, 9208723, '01012025\\SAMIMI_SUZAN__\\250810096_2\\1.3.46.670589.11.71619.5.0.7252.2025010110240417364', 3608482, 9208723, '01012025\\SAMIMI_SUZAN__\\250810096_2\\1.3.46.670589.11.71619.5.0.16244.2025010110242447174', 3608482, 9208723, '01012025\\SAMIMI_SUZAN__\\250810096_2\\1.3.46.670589.11.71619.5.0.13724.2025010110282194112', 3608482, 9208723, '01012025\\SAMIMI_SUZAN__\\250810096_2\\1.3.46.670589.11.71619.5.0.10444.2025010110241567016', 3608482, 9208723, '01012025\\SAMIMI_SUZAN__\\250810096_2\\1.3.46.670589.11.71619.5.0.7252.2025010110190908165', 3608482, 9208723, '01012025\\SAMIMI_SUZAN__\\250810096_2\\1.3.46.670589.11.71619.5.0.13724.2025010110282194114', 3608482, 9208723, '01012025\\SAMIMI_SUZAN__\\250810096_2\\1.3.46.670589.11.71619.5.0.7252.2025010110190933195', 3608482, 9208723, '01012025\\SAMIMI_SUZAN__\\250810096_2\\1.3.46.670589.11.71619.5.0.10444.2025010110241575084', 3608482, 9208723, '01012025\\SAMIMI_SUZAN__\\250810096_2\\1.3.46.670589.11.71619.5.0.16244.2025010110242447182', 3608482)]
(Background on this error at: https://sqlalche.me/e/20/f405)
2026-02-25 12:55:02,167 - ETL_Worker - INFO - Initializing Database Connections...
2026-02-25 12:55:02,175 - root - INFO - Connected to SQL Server: Onc
2026-02-25 12:55:02,221 - root - INFO - Connected to Oracle Database
2026-02-25 12:55:02,221 - root - INFO - Connected to SQL Server: HDS_IMG
2026-02-25 12:55:02,221 - ETL_Worker - INFO - Starting ETL Process...
2026-02-25 12:55:02,221 - ETL_Worker - INFO - Step 1: Reading data from Onc Database...
2026-02-25 12:55:02,324 - ETL_Worker - INFO - Retrieved 7 records from Onc.
2026-02-25 12:55:02,324 - ETL_Worker - INFO - Step 2: Reading from Oracle with Chunking...
2026-02-25 12:55:03,845 - ETL_Worker - INFO - Retrieved 13374 records from Oracle.
2026-02-25 12:55:03,845 - ETL_Worker - INFO - Merging datasets...
2026-02-25 12:55:03,847 - ETL_Worker - INFO - Step 3: Inserting data into HDS_IMG...
2026-02-25 12:55:04,084 - root - ERROR - Error writing to DB: Execution failed on sql 'INSERT INTO "Fact_Imaging_Onc_Banzat_Id_Images" (id, filename, "Baznat_Id") VALUES (:id, :filename, :Baznat_Id)': (pyodbc.ProgrammingError) ('42S22', "[42S22] [Microsoft][ODBC Driver 17 for SQL Server][SQL Server]Invalid column name 'id'. (207) (SQLExecDirectW); [42S22] [Microsoft][ODBC Driver 17 for SQL Server][SQL Server]Invalid column name 'filename'. (207); [42S22] [Microsoft][ODBC Driver 17 for SQL Server][SQL Server]Invalid column name 'id'. (207); [42S22] [Microsoft][ODBC Driver 17 for SQL Server][SQL Server]Invalid column name 'filename'. (207); [42S22] [Microsoft][ODBC Driver 17 for SQL Server][SQL Server]Statement(s) could not be prepared. (8180)")
[SQL: INSERT INTO [Fact_Imaging_Onc_Banzat_Id_Images] (id, filename, [Baznat_Id]) VALUES (?, ?, ?), (?, ?, ?), (?, ?, ?), (?, ?, ?), (?, ?, ?), (?, ?, ?), (?, ?, ?), (?, ?, ?), (?, ?, ?), (?, ?, ?), (?, ?, ?), (?, ?, ?), (?, ?, ?), (?, ?, ?), (?, ?, ?), (? ... 7420 characters truncated ... ), (?, ?, ?), (?, ?, ?), (?, ?, ?), (?, ?, ?), (?, ?, ?), (?, ?, ?), (?, ?, ?), (?, ?, ?), (?, ?, ?)]
[parameters: (9208723, '01012025\\SAMIMI_SUZAN__\\250810096_2\\1.3.46.670589.11.71619.5.0.5276.2025010110594108110', 3608482, 9208723, '01012025\\SAMIMI_SUZAN__\\250810096_2\\1.3.46.670589.11.71619.5.0.7252.2025010110592875684', 3608482, 9208723, '01012025\\SAMIMI_SUZAN__\\250810096_2\\1.3.46.670589.11.71619.5.0.7252.2025010110592877686', 3608482, 9208723, '01012025\\SAMIMI_SUZAN__\\250810096_2\\1.3.46.670589.11.71619.5.0.5276.2025010110594122169', 3608482, 9208723, '01012025\\SAMIMI_SUZAN__\\250810096_2\\1.3.46.670589.11.71619.5.0.5276.2025010110594124176', 3608482, 9208723, '01012025\\SAMIMI_SUZAN__\\250810096_2\\1.3.46.670589.11.71619.5.0.7252.2025010110592800613', 3608482, 9208723, '01012025\\SAMIMI_SUZAN__\\250810096_2\\1.3.46.670589.11.71619.5.0.15096.2025010110595139115', 3608482, 9208723, '01012025\\SAMIMI_SUZAN__\\250810096_2\\1.3.46.670589.11.71619.5.0.5276.2025010110594092044', 3608482, 9208723, '01012025\\SAMIMI_SUZAN__\\250810096_2\\1.3.46.670589.11.71619.5.0.5276.2025010110594110116', 3608482, 9208723, '01012025\\SAMIMI_SUZAN__\\250810096_2\\1.3.46.670589.11.71619.5.0.7252.2025010110592902710', 3608482, 9208723, '01012025\\SAMIMI_SUZAN__\\250810096_2\\1.3.46.670589.11.71619.5.0.7252.2025010110592905714', 3608482, 9208723, '01012025\\SAMIMI_SUZAN__\\250810096_2\\1.3.46.670589.11.71619.5.0.5276.2025010110594095054', 3608482, 9208723, '01012025\\SAMIMI_SUZAN__\\250810096_2\\1.3.46.670589.11.71619.5.0.15096.2025010110595129072', 3608482, 9208723, '01012025\\SAMIMI_SUZAN__\\250810096_2\\1.3.46.670589.11.71619.5.0.15096.2025010110595130076', 3608482, 9208723, '01012025\\SAMIMI_SUZAN__\\250810096_2\\1.3.46.670589.11.71619.5.0.7252.2025010110592926734', 3608482, 9208723, '01012025\\SAMIMI_SUZAN__\\250810096_2\\1.3.46.670589.11.71619.5.0.7252.2025010110592932740', 3608482, 9208723, '01012025\\SAMIMI_SUZAN__\\250810096_2\\1.3.46.670589.11.71619.5.0.5276.2025010110594126185' ... 1997 parameters truncated ... '01012025\\SAMIMI_SUZAN__\\250810096_2\\1.3.46.670589.11.71619.5.0.10444.2025010110241575073', 3608482, 9208723, '01012025\\SAMIMI_SUZAN__\\250810096_2\\1.3.46.670589.11.71619.5.0.7252.2025010110240393344', 3608482, 9208723, '01012025\\SAMIMI_SUZAN__\\250810096_2\\1.3.46.670589.11.71619.5.0.16244.2025010110242445165', 3608482, 9208723, '01012025\\SAMIMI_SUZAN__\\250810096_2\\1.3.46.670589.11.71619.5.0.7252.2025010110281612688', 3608482, 9208723, '01012025\\SAMIMI_SUZAN__\\250810096_2\\1.3.46.670589.11.71619.5.0.10444.2025010110241587191', 3608482, 9208723, '01012025\\SAMIMI_SUZAN__\\250810096_2\\1.3.46.670589.11.71619.5.0.3292.2025010110191629024', 3608482, 9208723, '01012025\\SAMIMI_SUZAN__\\250810096_2\\1.3.46.670589.11.71619.5.0.3292.2025010110191629025', 3608482, 9208723, '01012025\\SAMIMI_SUZAN__\\250810096_2\\1.3.46.670589.11.71619.5.0.10444.2025010110241575081', 3608482, 9208723, '01012025\\SAMIMI_SUZAN__\\250810096_2\\1.3.46.670589.11.71619.5.0.7252.2025010110240417364', 3608482, 9208723, '01012025\\SAMIMI_SUZAN__\\250810096_2\\1.3.46.670589.11.71619.5.0.16244.2025010110242447174', 3608482, 9208723, '01012025\\SAMIMI_SUZAN__\\250810096_2\\1.3.46.670589.11.71619.5.0.13724.2025010110282194112', 3608482, 9208723, '01012025\\SAMIMI_SUZAN__\\250810096_2\\1.3.46.670589.11.71619.5.0.10444.2025010110241567016', 3608482, 9208723, '01012025\\SAMIMI_SUZAN__\\250810096_2\\1.3.46.670589.11.71619.5.0.7252.2025010110190908165', 3608482, 9208723, '01012025\\SAMIMI_SUZAN__\\250810096_2\\1.3.46.670589.11.71619.5.0.13724.2025010110282194114', 3608482, 9208723, '01012025\\SAMIMI_SUZAN__\\250810096_2\\1.3.46.670589.11.71619.5.0.7252.2025010110190933195', 3608482, 9208723, '01012025\\SAMIMI_SUZAN__\\250810096_2\\1.3.46.670589.11.71619.5.0.10444.2025010110241575084', 3608482, 9208723, '01012025\\SAMIMI_SUZAN__\\250810096_2\\1.3.46.670589.11.71619.5.0.16244.2025010110242447182', 3608482)]
(Background on this error at: https://sqlalche.me/e/20/f405)
2026-02-25 12:55:04,087 - ETL_Worker - CRITICAL - Unhandled exception in main execution: Execution failed on sql 'INSERT INTO "Fact_Imaging_Onc_Banzat_Id_Images" (id, filename, "Baznat_Id") VALUES (:id, :filename, :Baznat_Id)': (pyodbc.ProgrammingError) ('42S22', "[42S22] [Microsoft][ODBC Driver 17 for SQL Server][SQL Server]Invalid column name 'id'. (207) (SQLExecDirectW); [42S22] [Microsoft][ODBC Driver 17 for SQL Server][SQL Server]Invalid column name 'filename'. (207); [42S22] [Microsoft][ODBC Driver 17 for SQL Server][SQL Server]Invalid column name 'id'. (207); [42S22] [Microsoft][ODBC Driver 17 for SQL Server][SQL Server]Invalid column name 'filename'. (207); [42S22] [Microsoft][ODBC Driver 17 for SQL Server][SQL Server]Statement(s) could not be prepared. (8180)")
[SQL: INSERT INTO [Fact_Imaging_Onc_Banzat_Id_Images] (id, filename, [Baznat_Id]) VALUES (?, ?, ?), (?, ?, ?), (?, ?, ?), (?, ?, ?), (?, ?, ?), (?, ?, ?), (?, ?, ?), (?, ?, ?), (?, ?, ?), (?, ?, ?), (?, ?, ?), (?, ?, ?), (?, ?, ?), (?, ?, ?), (?, ?, ?), (? ... 7420 characters truncated ... ), (?, ?, ?), (?, ?, ?), (?, ?, ?), (?, ?, ?), (?, ?, ?), (?, ?, ?), (?, ?, ?), (?, ?, ?), (?, ?, ?)]
[parameters: (9208723, '01012025\\SAMIMI_SUZAN__\\250810096_2\\1.3.46.670589.11.71619.5.0.5276.2025010110594108110', 3608482, 9208723, '01012025\\SAMIMI_SUZAN__\\250810096_2\\1.3.46.670589.11.71619.5.0.7252.2025010110592875684', 3608482, 9208723, '01012025\\SAMIMI_SUZAN__\\250810096_2\\1.3.46.670589.11.71619.5.0.7252.2025010110592877686', 3608482, 9208723, '01012025\\SAMIMI_SUZAN__\\250810096_2\\1.3.46.670589.11.71619.5.0.5276.2025010110594122169', 3608482, 9208723, '01012025\\SAMIMI_SUZAN__\\250810096_2\\1.3.46.670589.11.71619.5.0.5276.2025010110594124176', 3608482, 9208723, '01012025\\SAMIMI_SUZAN__\\250810096_2\\1.3.46.670589.11.71619.5.0.7252.2025010110592800613', 3608482, 9208723, '01012025\\SAMIMI_SUZAN__\\250810096_2\\1.3.46.670589.11.71619.5.0.15096.2025010110595139115', 3608482, 9208723, '01012025\\SAMIMI_SUZAN__\\250810096_2\\1.3.46.670589.11.71619.5.0.5276.2025010110594092044', 3608482, 9208723, '01012025\\SAMIMI_SUZAN__\\250810096_2\\1.3.46.670589.11.71619.5.0.5276.2025010110594110116', 3608482, 9208723, '01012025\\SAMIMI_SUZAN__\\250810096_2\\1.3.46.670589.11.71619.5.0.7252.2025010110592902710', 3608482, 9208723, '01012025\\SAMIMI_SUZAN__\\250810096_2\\1.3.46.670589.11.71619.5.0.7252.2025010110592905714', 3608482, 9208723, '01012025\\SAMIMI_SUZAN__\\250810096_2\\1.3.46.670589.11.71619.5.0.5276.2025010110594095054', 3608482, 9208723, '01012025\\SAMIMI_SUZAN__\\250810096_2\\1.3.46.670589.11.71619.5.0.15096.2025010110595129072', 3608482, 9208723, '01012025\\SAMIMI_SUZAN__\\250810096_2\\1.3.46.670589.11.71619.5.0.15096.2025010110595130076', 3608482, 9208723, '01012025\\SAMIMI_SUZAN__\\250810096_2\\1.3.46.670589.11.71619.5.0.7252.2025010110592926734', 3608482, 9208723, '01012025\\SAMIMI_SUZAN__\\250810096_2\\1.3.46.670589.11.71619.5.0.7252.2025010110592932740', 3608482, 9208723, '01012025\\SAMIMI_SUZAN__\\250810096_2\\1.3.46.670589.11.71619.5.0.5276.2025010110594126185' ... 1997 parameters truncated ... '01012025\\SAMIMI_SUZAN__\\250810096_2\\1.3.46.670589.11.71619.5.0.10444.2025010110241575073', 3608482, 9208723, '01012025\\SAMIMI_SUZAN__\\250810096_2\\1.3.46.670589.11.71619.5.0.7252.2025010110240393344', 3608482, 9208723, '01012025\\SAMIMI_SUZAN__\\250810096_2\\1.3.46.670589.11.71619.5.0.16244.2025010110242445165', 3608482, 9208723, '01012025\\SAMIMI_SUZAN__\\250810096_2\\1.3.46.670589.11.71619.5.0.7252.2025010110281612688', 3608482, 9208723, '01012025\\SAMIMI_SUZAN__\\250810096_2\\1.3.46.670589.11.71619.5.0.10444.2025010110241587191', 3608482, 9208723, '01012025\\SAMIMI_SUZAN__\\250810096_2\\1.3.46.670589.11.71619.5.0.3292.2025010110191629024', 3608482, 9208723, '01012025\\SAMIMI_SUZAN__\\250810096_2\\1.3.46.670589.11.71619.5.0.3292.2025010110191629025', 3608482, 9208723, '01012025\\SAMIMI_SUZAN__\\250810096_2\\1.3.46.670589.11.71619.5.0.10444.2025010110241575081', 3608482, 9208723, '01012025\\SAMIMI_SUZAN__\\250810096_2\\1.3.46.670589.11.71619.5.0.7252.2025010110240417364', 3608482, 9208723, '01012025\\SAMIMI_SUZAN__\\250810096_2\\1.3.46.670589.11.71619.5.0.16244.2025010110242447174', 3608482, 9208723, '01012025\\SAMIMI_SUZAN__\\250810096_2\\1.3.46.670589.11.71619.5.0.13724.2025010110282194112', 3608482, 9208723, '01012025\\SAMIMI_SUZAN__\\250810096_2\\1.3.46.670589.11.71619.5.0.10444.2025010110241567016', 3608482, 9208723, '01012025\\SAMIMI_SUZAN__\\250810096_2\\1.3.46.670589.11.71619.5.0.7252.2025010110190908165', 3608482, 9208723, '01012025\\SAMIMI_SUZAN__\\250810096_2\\1.3.46.670589.11.71619.5.0.13724.2025010110282194114', 3608482, 9208723, '01012025\\SAMIMI_SUZAN__\\250810096_2\\1.3.46.670589.11.71619.5.0.7252.2025010110190933195', 3608482, 9208723, '01012025\\SAMIMI_SUZAN__\\250810096_2\\1.3.46.670589.11.71619.5.0.10444.2025010110241575084', 3608482, 9208723, '01012025\\SAMIMI_SUZAN__\\250810096_2\\1.3.46.670589.11.71619.5.0.16244.2025010110242447182', 3608482)]
(Background on this error at: https://sqlalche.me/e/20/f405)
2026-02-25 12:57:03,851 - ETL_Worker - INFO - Initializing Database Connections...
2026-02-25 12:57:03,859 - root - INFO - Connected to SQL Server: Onc
2026-02-25 12:57:03,906 - root - INFO - Connected to Oracle Database
2026-02-25 12:57:03,906 - root - INFO - Connected to SQL Server: HDS_IMG
2026-02-25 12:57:03,907 - ETL_Worker - INFO - Starting ETL Process...
2026-02-25 12:57:03,907 - ETL_Worker - INFO - Step 1: Reading data from Onc Database...
2026-02-25 12:57:05,087 - ETL_Worker - INFO - Retrieved 7 records from Onc.
2026-02-25 12:57:05,087 - ETL_Worker - INFO - Step 2: Reading from Oracle with Chunking...
2026-02-25 12:57:06,322 - ETL_Worker - CRITICAL - Unhandled exception in main execution: "None of ['id'] are in the columns"
2026-02-25 12:57:34,280 - ETL_Worker - INFO - Initializing Database Connections...
2026-02-25 12:57:34,288 - root - INFO - Connected to SQL Server: Onc
2026-02-25 12:57:34,336 - root - INFO - Connected to Oracle Database
2026-02-25 12:57:34,336 - root - INFO - Connected to SQL Server: HDS_IMG
2026-02-25 12:57:34,337 - ETL_Worker - INFO - Starting ETL Process...
2026-02-25 12:57:34,337 - ETL_Worker - INFO - Step 1: Reading data from Onc Database...
2026-02-25 12:57:34,435 - ETL_Worker - INFO - Retrieved 7 records from Onc.
2026-02-25 12:57:34,436 - ETL_Worker - INFO - Step 2: Reading from Oracle with Chunking...
2026-02-25 12:57:35,705 - ETL_Worker - CRITICAL - Unhandled exception in main execution: "None of ['Bdika_Id'] are in the columns"
2026-02-25 12:58:19,775 - ETL_Worker - INFO - Initializing Database Connections...
2026-02-25 12:58:19,783 - root - INFO - Connected to SQL Server: Onc
2026-02-25 12:58:19,830 - root - INFO - Connected to Oracle Database
2026-02-25 12:58:19,830 - root - INFO - Connected to SQL Server: HDS_IMG
2026-02-25 12:58:19,830 - ETL_Worker - INFO - Starting ETL Process...
2026-02-25 12:58:19,830 - ETL_Worker - INFO - Step 1: Reading data from Onc Database...
2026-02-25 12:58:19,930 - ETL_Worker - INFO - Retrieved 7 records from Onc.
2026-02-25 12:58:19,930 - ETL_Worker - INFO - Step 2: Reading from Oracle with Chunking...
2026-02-25 12:58:20,786 - ETL_Worker - CRITICAL - Unhandled exception in main execution: "None of ['Bdika_Id'] are in the columns"
2026-02-25 12:59:48,190 - ETL_Worker - INFO - Initializing Database Connections...
2026-02-25 12:59:48,198 - root - INFO - Connected to SQL Server: Onc
2026-02-25 12:59:48,244 - root - INFO - Connected to Oracle Database
2026-02-25 12:59:48,244 - root - INFO - Connected to SQL Server: HDS_IMG
2026-02-25 12:59:48,244 - ETL_Worker - INFO - Starting ETL Process...
2026-02-25 12:59:48,244 - ETL_Worker - INFO - Step 1: Reading data from Onc Database...
2026-02-25 12:59:48,363 - ETL_Worker - INFO - Retrieved 7 records from Onc.
2026-02-25 12:59:48,363 - ETL_Worker - INFO - Step 2: Reading from Oracle with Chunking...
2026-02-25 12:59:49,598 - ETL_Worker - INFO - Retrieved 13374 records from Oracle.
2026-02-25 12:59:49,598 - ETL_Worker - INFO - Merging datasets...
2026-02-25 12:59:49,600 - ETL_Worker - INFO - Step 3: Inserting data into HDS_IMG...
2026-02-25 12:59:49,749 - root - ERROR - Error writing to DB: Execution failed on sql 'INSERT INTO "Fact_Imaging_Onc_Banzat_Id_Images" (id, image_filename, "Baznat_Id") VALUES (:id, :image_filename, :Baznat_Id)': (pyodbc.ProgrammingError) ('42S22', "[42S22] [Microsoft][ODBC Driver 17 for SQL Server][SQL Server]Invalid column name 'id'. (207) (SQLExecDirectW); [42S22] [Microsoft][ODBC Driver 17 for SQL Server][SQL Server]Invalid column name 'id'. (207); [42S22] [Microsoft][ODBC Driver 17 for SQL Server][SQL Server]Statement(s) could not be prepared. (8180)")
[SQL: INSERT INTO [Fact_Imaging_Onc_Banzat_Id_Images] (id, image_filename, [Baznat_Id]) VALUES (?, ?, ?), (?, ?, ?), (?, ?, ?), (?, ?, ?), (?, ?, ?), (?, ?, ?), (?, ?, ?), (?, ?, ?), (?, ?, ?), (?, ?, ?), (?, ?, ?), (?, ?, ?), (?, ?, ?), (?, ?, ?), (?, ?,  ... 7426 characters truncated ... ), (?, ?, ?), (?, ?, ?), (?, ?, ?), (?, ?, ?), (?, ?, ?), (?, ?, ?), (?, ?, ?), (?, ?, ?), (?, ?, ?)]
[parameters: (9208723, '01012025\\SAMIMI_SUZAN__\\250810096_2\\1.3.46.670589.11.71619.5.0.5276.2025010110594108110', 3608482, 9208723, '01012025\\SAMIMI_SUZAN__\\250810096_2\\1.3.46.670589.11.71619.5.0.7252.2025010110592875684', 3608482, 9208723, '01012025\\SAMIMI_SUZAN__\\250810096_2\\1.3.46.670589.11.71619.5.0.7252.2025010110592877686', 3608482, 9208723, '01012025\\SAMIMI_SUZAN__\\250810096_2\\1.3.46.670589.11.71619.5.0.5276.2025010110594122169', 3608482, 9208723, '01012025\\SAMIMI_SUZAN__\\250810096_2\\1.3.46.670589.11.71619.5.0.5276.2025010110594124176', 3608482, 9208723, '01012025\\SAMIMI_SUZAN__\\250810096_2\\1.3.46.670589.11.71619.5.0.7252.2025010110592800613', 3608482, 9208723, '01012025\\SAMIMI_SUZAN__\\250810096_2\\1.3.46.670589.11.71619.5.0.15096.2025010110595139115', 3608482, 9208723, '01012025\\SAMIMI_SUZAN__\\250810096_2\\1.3.46.670589.11.71619.5.0.5276.2025010110594092044', 3608482, 9208723, '01012025\\SAMIMI_SUZAN__\\250810096_2\\1.3.46.670589.11.71619.5.0.5276.2025010110594110116', 3608482, 9208723, '01012025\\SAMIMI_SUZAN__\\250810096_2\\1.3.46.670589.11.71619.5.0.7252.2025010110592902710', 3608482, 9208723, '01012025\\SAMIMI_SUZAN__\\250810096_2\\1.3.46.670589.11.71619.5.0.7252.2025010110592905714', 3608482, 9208723, '01012025\\SAMIMI_SUZAN__\\250810096_2\\1.3.46.670589.11.71619.5.0.5276.2025010110594095054', 3608482, 9208723, '01012025\\SAMIMI_SUZAN__\\250810096_2\\1.3.46.670589.11.71619.5.0.15096.2025010110595129072', 3608482, 9208723, '01012025\\SAMIMI_SUZAN__\\250810096_2\\1.3.46.670589.11.71619.5.0.15096.2025010110595130076', 3608482, 9208723, '01012025\\SAMIMI_SUZAN__\\250810096_2\\1.3.46.670589.11.71619.5.0.7252.2025010110592926734', 3608482, 9208723, '01012025\\SAMIMI_SUZAN__\\250810096_2\\1.3.46.670589.11.71619.5.0.7252.2025010110592932740', 3608482, 9208723, '01012025\\SAMIMI_SUZAN__\\250810096_2\\1.3.46.670589.11.71619.5.0.5276.2025010110594126185' ... 1997 parameters truncated ... '01012025\\SAMIMI_SUZAN__\\250810096_2\\1.3.46.670589.11.71619.5.0.10444.2025010110241575073', 3608482, 9208723, '01012025\\SAMIMI_SUZAN__\\250810096_2\\1.3.46.670589.11.71619.5.0.7252.2025010110240393344', 3608482, 9208723, '01012025\\SAMIMI_SUZAN__\\250810096_2\\1.3.46.670589.11.71619.5.0.16244.2025010110242445165', 3608482, 9208723, '01012025\\SAMIMI_SUZAN__\\250810096_2\\1.3.46.670589.11.71619.5.0.7252.2025010110281612688', 3608482, 9208723, '01012025\\SAMIMI_SUZAN__\\250810096_2\\1.3.46.670589.11.71619.5.0.10444.2025010110241587191', 3608482, 9208723, '01012025\\SAMIMI_SUZAN__\\250810096_2\\1.3.46.670589.11.71619.5.0.3292.2025010110191629024', 3608482, 9208723, '01012025\\SAMIMI_SUZAN__\\250810096_2\\1.3.46.670589.11.71619.5.0.3292.2025010110191629025', 3608482, 9208723, '01012025\\SAMIMI_SUZAN__\\250810096_2\\1.3.46.670589.11.71619.5.0.10444.2025010110241575081', 3608482, 9208723, '01012025\\SAMIMI_SUZAN__\\250810096_2\\1.3.46.670589.11.71619.5.0.7252.2025010110240417364', 3608482, 9208723, '01012025\\SAMIMI_SUZAN__\\250810096_2\\1.3.46.670589.11.71619.5.0.16244.2025010110242447174', 3608482, 9208723, '01012025\\SAMIMI_SUZAN__\\250810096_2\\1.3.46.670589.11.71619.5.0.13724.2025010110282194112', 3608482, 9208723, '01012025\\SAMIMI_SUZAN__\\250810096_2\\1.3.46.670589.11.71619.5.0.10444.2025010110241567016', 3608482, 9208723, '01012025\\SAMIMI_SUZAN__\\250810096_2\\1.3.46.670589.11.71619.5.0.7252.2025010110190908165', 3608482, 9208723, '01012025\\SAMIMI_SUZAN__\\250810096_2\\1.3.46.670589.11.71619.5.0.13724.2025010110282194114', 3608482, 9208723, '01012025\\SAMIMI_SUZAN__\\250810096_2\\1.3.46.670589.11.71619.5.0.7252.2025010110190933195', 3608482, 9208723, '01012025\\SAMIMI_SUZAN__\\250810096_2\\1.3.46.670589.11.71619.5.0.10444.2025010110241575084', 3608482, 9208723, '01012025\\SAMIMI_SUZAN__\\250810096_2\\1.3.46.670589.11.71619.5.0.16244.2025010110242447182', 3608482)]
(Background on this error at: https://sqlalche.me/e/20/f405)
2026-02-25 12:59:49,753 - ETL_Worker - CRITICAL - Unhandled exception in main execution: Execution failed on sql 'INSERT INTO "Fact_Imaging_Onc_Banzat_Id_Images" (id, image_filename, "Baznat_Id") VALUES (:id, :image_filename, :Baznat_Id)': (pyodbc.ProgrammingError) ('42S22', "[42S22] [Microsoft][ODBC Driver 17 for SQL Server][SQL Server]Invalid column name 'id'. (207) (SQLExecDirectW); [42S22] [Microsoft][ODBC Driver 17 for SQL Server][SQL Server]Invalid column name 'id'. (207); [42S22] [Microsoft][ODBC Driver 17 for SQL Server][SQL Server]Statement(s) could not be prepared. (8180)")
[SQL: INSERT INTO [Fact_Imaging_Onc_Banzat_Id_Images] (id, image_filename, [Baznat_Id]) VALUES (?, ?, ?), (?, ?, ?), (?, ?, ?), (?, ?, ?), (?, ?, ?), (?, ?, ?), (?, ?, ?), (?, ?, ?), (?, ?, ?), (?, ?, ?), (?, ?, ?), (?, ?, ?), (?, ?, ?), (?, ?, ?), (?, ?,  ... 7426 characters truncated ... ), (?, ?, ?), (?, ?, ?), (?, ?, ?), (?, ?, ?), (?, ?, ?), (?, ?, ?), (?, ?, ?), (?, ?, ?), (?, ?, ?)]
[parameters: (9208723, '01012025\\SAMIMI_SUZAN__\\250810096_2\\1.3.46.670589.11.71619.5.0.5276.2025010110594108110', 3608482, 9208723, '01012025\\SAMIMI_SUZAN__\\250810096_2\\1.3.46.670589.11.71619.5.0.7252.2025010110592875684', 3608482, 9208723, '01012025\\SAMIMI_SUZAN__\\250810096_2\\1.3.46.670589.11.71619.5.0.7252.2025010110592877686', 3608482, 9208723, '01012025\\SAMIMI_SUZAN__\\250810096_2\\1.3.46.670589.11.71619.5.0.5276.2025010110594122169', 3608482, 9208723, '01012025\\SAMIMI_SUZAN__\\250810096_2\\1.3.46.670589.11.71619.5.0.5276.2025010110594124176', 3608482, 9208723, '01012025\\SAMIMI_SUZAN__\\250810096_2\\1.3.46.670589.11.71619.5.0.7252.2025010110592800613', 3608482, 9208723, '01012025\\SAMIMI_SUZAN__\\250810096_2\\1.3.46.670589.11.71619.5.0.15096.2025010110595139115', 3608482, 9208723, '01012025\\SAMIMI_SUZAN__\\250810096_2\\1.3.46.670589.11.71619.5.0.5276.2025010110594092044', 3608482, 9208723, '01012025\\SAMIMI_SUZAN__\\250810096_2\\1.3.46.670589.11.71619.5.0.5276.2025010110594110116', 3608482, 9208723, '01012025\\SAMIMI_SUZAN__\\250810096_2\\1.3.46.670589.11.71619.5.0.7252.2025010110592902710', 3608482, 9208723, '01012025\\SAMIMI_SUZAN__\\250810096_2\\1.3.46.670589.11.71619.5.0.7252.2025010110592905714', 3608482, 9208723, '01012025\\SAMIMI_SUZAN__\\250810096_2\\1.3.46.670589.11.71619.5.0.5276.2025010110594095054', 3608482, 9208723, '01012025\\SAMIMI_SUZAN__\\250810096_2\\1.3.46.670589.11.71619.5.0.15096.2025010110595129072', 3608482, 9208723, '01012025\\SAMIMI_SUZAN__\\250810096_2\\1.3.46.670589.11.71619.5.0.15096.2025010110595130076', 3608482, 9208723, '01012025\\SAMIMI_SUZAN__\\250810096_2\\1.3.46.670589.11.71619.5.0.7252.2025010110592926734', 3608482, 9208723, '01012025\\SAMIMI_SUZAN__\\250810096_2\\1.3.46.670589.11.71619.5.0.7252.2025010110592932740', 3608482, 9208723, '01012025\\SAMIMI_SUZAN__\\250810096_2\\1.3.46.670589.11.71619.5.0.5276.2025010110594126185' ... 1997 parameters truncated ... '01012025\\SAMIMI_SUZAN__\\250810096_2\\1.3.46.670589.11.71619.5.0.10444.2025010110241575073', 3608482, 9208723, '01012025\\SAMIMI_SUZAN__\\250810096_2\\1.3.46.670589.11.71619.5.0.7252.2025010110240393344', 3608482, 9208723, '01012025\\SAMIMI_SUZAN__\\250810096_2\\1.3.46.670589.11.71619.5.0.16244.2025010110242445165', 3608482, 9208723, '01012025\\SAMIMI_SUZAN__\\250810096_2\\1.3.46.670589.11.71619.5.0.7252.2025010110281612688', 3608482, 9208723, '01012025\\SAMIMI_SUZAN__\\250810096_2\\1.3.46.670589.11.71619.5.0.10444.2025010110241587191', 3608482, 9208723, '01012025\\SAMIMI_SUZAN__\\250810096_2\\1.3.46.670589.11.71619.5.0.3292.2025010110191629024', 3608482, 9208723, '01012025\\SAMIMI_SUZAN__\\250810096_2\\1.3.46.670589.11.71619.5.0.3292.2025010110191629025', 3608482, 9208723, '01012025\\SAMIMI_SUZAN__\\250810096_2\\1.3.46.670589.11.71619.5.0.10444.2025010110241575081', 3608482, 9208723, '01012025\\SAMIMI_SUZAN__\\250810096_2\\1.3.46.670589.11.71619.5.0.7252.2025010110240417364', 3608482, 9208723, '01012025\\SAMIMI_SUZAN__\\250810096_2\\1.3.46.670589.11.71619.5.0.16244.2025010110242447174', 3608482, 9208723, '01012025\\SAMIMI_SUZAN__\\250810096_2\\1.3.46.670589.11.71619.5.0.13724.2025010110282194112', 3608482, 9208723, '01012025\\SAMIMI_SUZAN__\\250810096_2\\1.3.46.670589.11.71619.5.0.10444.2025010110241567016', 3608482, 9208723, '01012025\\SAMIMI_SUZAN__\\250810096_2\\1.3.46.670589.11.71619.5.0.7252.2025010110190908165', 3608482, 9208723, '01012025\\SAMIMI_SUZAN__\\250810096_2\\1.3.46.670589.11.71619.5.0.13724.2025010110282194114', 3608482, 9208723, '01012025\\SAMIMI_SUZAN__\\250810096_2\\1.3.46.670589.11.71619.5.0.7252.2025010110190933195', 3608482, 9208723, '01012025\\SAMIMI_SUZAN__\\250810096_2\\1.3.46.670589.11.71619.5.0.10444.2025010110241575084', 3608482, 9208723, '01012025\\SAMIMI_SUZAN__\\250810096_2\\1.3.46.670589.11.71619.5.0.16244.2025010110242447182', 3608482)]
(Background on this error at: https://sqlalche.me/e/20/f405)
2026-02-25 13:02:40,924 - ETL_Worker - INFO - Initializing Database Connections...
2026-02-25 13:02:40,950 - root - INFO - Connected to SQL Server: Onc
2026-02-25 13:02:41,044 - root - INFO - Connected to Oracle Database
2026-02-25 13:02:41,044 - root - INFO - Connected to SQL Server: HDS_IMG
2026-02-25 13:02:41,044 - ETL_Worker - INFO - Starting ETL Process...
2026-02-25 13:02:41,044 - ETL_Worker - INFO - Step 1: Reading data from Onc Database...
2026-02-25 13:02:50,400 - ETL_Worker - INFO - Retrieved 7 records from Onc.
2026-02-25 13:02:51,698 - ETL_Worker - INFO - Step 2: Reading from Oracle with Chunking...
2026-02-25 13:04:29,001 - ETL_Worker - CRITICAL - Unhandled exception in main execution: "None of ['id'] are in the columns"
2026-02-25 13:04:46,743 - ETL_Worker - INFO - Initializing Database Connections...
2026-02-25 13:04:46,759 - root - INFO - Connected to SQL Server: Onc
2026-02-25 13:04:46,852 - root - INFO - Connected to Oracle Database
2026-02-25 13:04:46,852 - root - INFO - Connected to SQL Server: HDS_IMG
2026-02-25 13:05:00,800 - ETL_Worker - INFO - Starting ETL Process...
2026-02-25 13:05:00,967 - ETL_Worker - INFO - Step 1: Reading data from Onc Database...
2026-02-25 13:05:04,031 - ETL_Worker - INFO - Retrieved 7 records from Onc.
2026-02-25 13:05:19,399 - ETL_Worker - INFO - Step 2: Reading from Oracle with Chunking...
2026-02-25 13:07:46,259 - ETL_Worker - INFO - Initializing Database Connections...
2026-02-25 13:07:46,268 - root - INFO - Connected to SQL Server: Onc
2026-02-25 13:07:46,317 - root - INFO - Connected to Oracle Database
2026-02-25 13:07:46,317 - root - INFO - Connected to SQL Server: HDS_IMG
2026-02-25 13:07:46,317 - ETL_Worker - INFO - Starting ETL Process...
2026-02-25 13:07:46,317 - ETL_Worker - INFO - Step 1: Reading data from Onc Database...
2026-02-25 13:07:46,473 - ETL_Worker - INFO - Retrieved 7 records from Onc.
2026-02-25 13:07:46,473 - ETL_Worker - INFO - Step 2: Reading from Oracle with Chunking...
2026-02-25 13:07:47,310 - ETL_Worker - INFO - Retrieved 13374 records from Oracle.
2026-02-25 13:07:47,310 - ETL_Worker - INFO - Merging datasets...
2026-02-25 13:07:47,313 - ETL_Worker - INFO - Step 3: Inserting data into HDS_IMG...
2026-02-25 13:07:47,734 - root - INFO - Successfully wrote 13374 rows to Fact_Imaging_Onc_Banzat_Id_Images
2026-02-25 13:07:47,735 - ETL_Worker - INFO - ETL Process Completed Successfully.
2026-02-25 13:13:47,970 - ETL_Worker - INFO - Initializing Database Connections...
2026-02-25 13:13:47,979 - root - INFO - Connected to SQL Server: Onc
2026-02-25 13:13:48,028 - root - INFO - Connected to Oracle Database
2026-02-25 13:13:48,029 - root - INFO - Connected to SQL Server: HDS_IMG
2026-02-25 13:13:48,029 - ETL_Worker - INFO - Starting ETL Process...
2026-02-25 13:13:48,029 - ETL_Worker - INFO - Step 1: Reading data from Onc Database...
2026-02-25 13:13:48,135 - ETL_Worker - INFO - Retrieved 17 records from Onc.
2026-02-25 13:13:48,135 - ETL_Worker - INFO - Step 2: Reading from Oracle with Chunking...
2026-02-25 13:13:51,983 - ETL_Worker - INFO - Retrieved 25135 records from Oracle.
2026-02-25 13:13:51,983 - ETL_Worker - INFO - Merging datasets...
2026-02-25 13:13:51,985 - ETL_Worker - INFO - Step 3: Inserting data into HDS_IMG...
2026-02-25 13:13:52,544 - root - INFO - Successfully wrote 25135 rows to Fact_Imaging_Onc_Banzat_Id_Images
2026-02-25 13:13:52,544 - ETL_Worker - INFO - ETL Process Completed Successfully.
2026-02-25 13:15:57,963 - ETL_Worker - INFO - Initializing Database Connections...
2026-02-25 13:15:57,971 - root - INFO - Connected to SQL Server: Onc
2026-02-25 13:15:58,019 - root - INFO - Connected to Oracle Database
2026-02-25 13:15:58,020 - root - INFO - Connected to SQL Server: HDS_IMG
2026-02-25 13:15:58,020 - ETL_Worker - INFO - Starting ETL Process...
2026-02-25 13:15:58,020 - ETL_Worker - INFO - Step 1: Reading data from Onc Database...
2026-02-25 13:15:58,224 - ETL_Worker - INFO - Retrieved 83374 records from Onc.
2026-02-25 13:15:58,225 - ETL_Worker - INFO - Step 2: Reading from Oracle with Chunking...
2026-02-25 14:11:50,057 - ETL_Worker - INFO - Initializing Database Connections...
2026-02-25 14:11:50,066 - root - INFO - Connected to SQL Server: Onc
2026-02-25 14:11:50,115 - root - INFO - Connected to Oracle Database
2026-02-25 14:11:50,115 - root - INFO - Connected to SQL Server: HDS_IMG
2026-02-25 14:11:50,115 - ETL_Worker - INFO - Starting ETL Process...
2026-02-25 14:11:50,115 - ETL_Worker - INFO - Step 1: Reading data from Onc Database...
2026-02-25 14:11:50,319 - ETL_Worker - INFO - Retrieved 83374 records from Onc.
2026-02-25 14:11:50,320 - ETL_Worker - INFO - Step 2: Reading from Oracle with Chunking...
2026-02-25 14:12:30,923 - ETL_Worker - INFO - Retrieved 1486103 records from Oracle.
2026-02-25 14:12:30,923 - ETL_Worker - INFO - Merging datasets...
2026-02-25 14:12:30,969 - ETL_Worker - INFO - Step 3: Inserting data into HDS_IMG...
2026-02-25 14:12:54,512 - root - INFO - Successfully wrote 1486103 rows to Fact_Imaging_Onc_Banzat_Id_Images
2026-02-25 14:12:54,512 - ETL_Worker - INFO - ETL Process Completed Successfully.
2026-02-25 14:13:30,785 - ETL_Worker - INFO - Retrieved 1418021 records from Oracle.
2026-02-25 14:13:30,785 - ETL_Worker - INFO - Merging datasets...
2026-02-25 14:13:30,851 - ETL_Worker - INFO - Step 3: Inserting data into HDS_IMG...
2026-02-25 14:13:59,372 - root - INFO - Successfully wrote 1418021 rows to Fact_Imaging_Onc_Banzat_Id_Images
2026-02-25 14:13:59,372 - ETL_Worker - INFO - ETL Process Completed Successfully.
2026-02-25 14:14:36,457 - ETL_Worker - INFO - Retrieved 1481483 records from Oracle.
2026-02-25 14:14:36,457 - ETL_Worker - INFO - Merging datasets...
2026-02-25 14:14:36,520 - ETL_Worker - INFO - Step 3: Inserting data into HDS_IMG...
2026-02-25 14:14:59,203 - root - INFO - Successfully wrote 1481483 rows to Fact_Imaging_Onc_Banzat_Id_Images
2026-02-25 14:14:59,204 - ETL_Worker - INFO - ETL Process Completed Successfully.
2026-02-25 14:15:40,508 - ETL_Worker - INFO - Retrieved 1568047 records from Oracle.
2026-02-25 14:15:40,508 - ETL_Worker - INFO - Merging datasets...
2026-02-25 14:15:40,574 - ETL_Worker - INFO - Step 3: Inserting data into HDS_IMG...
2026-02-25 14:16:07,755 - root - INFO - Successfully wrote 1568047 rows to Fact_Imaging_Onc_Banzat_Id_Images
2026-02-25 14:16:07,755 - ETL_Worker - INFO - ETL Process Completed Successfully.
2026-02-25 14:17:11,330 - ETL_Worker - INFO - Retrieved 1589817 records from Oracle.
2026-02-25 14:17:11,330 - ETL_Worker - INFO - Merging datasets...
2026-02-25 14:17:11,423 - ETL_Worker - INFO - Step 3: Inserting data into HDS_IMG...
2026-02-25 14:17:39,958 - root - INFO - Successfully wrote 1589817 rows to Fact_Imaging_Onc_Banzat_Id_Images
2026-02-25 14:17:39,959 - ETL_Worker - INFO - ETL Process Completed Successfully.
2026-02-25 14:18:44,953 - ETL_Worker - INFO - Retrieved 1536815 records from Oracle.
2026-02-25 14:18:44,953 - ETL_Worker - INFO - Merging datasets...
2026-02-25 14:18:45,023 - ETL_Worker - INFO - Step 3: Inserting data into HDS_IMG...
2026-02-25 14:19:09,313 - root - INFO - Successfully wrote 1536815 rows to Fact_Imaging_Onc_Banzat_Id_Images
2026-02-25 14:19:09,313 - ETL_Worker - INFO - ETL Process Completed Successfully.
2026-02-25 14:20:14,783 - ETL_Worker - INFO - Retrieved 1534438 records from Oracle.
2026-02-25 14:20:14,783 - ETL_Worker - INFO - Merging datasets...
2026-02-25 14:20:14,888 - ETL_Worker - INFO - Step 3: Inserting data into HDS_IMG...
2026-02-25 14:20:41,397 - root - INFO - Successfully wrote 1534438 rows to Fact_Imaging_Onc_Banzat_Id_Images
2026-02-25 14:20:41,398 - ETL_Worker - INFO - ETL Process Completed Successfully.
2026-02-25 14:21:43,120 - ETL_Worker - INFO - Retrieved 1492383 records from Oracle.
2026-02-25 14:21:43,120 - ETL_Worker - INFO - Merging datasets...
2026-02-25 14:21:43,216 - ETL_Worker - INFO - Step 3: Inserting data into HDS_IMG...
2026-02-25 14:22:10,042 - root - INFO - Successfully wrote 1492383 rows to Fact_Imaging_Onc_Banzat_Id_Images
2026-02-25 14:22:10,042 - ETL_Worker - INFO - ETL Process Completed Successfully.
2026-02-25 14:23:11,672 - ETL_Worker - INFO - Retrieved 1506373 records from Oracle.
2026-02-25 14:23:11,672 - ETL_Worker - INFO - Merging datasets...
2026-02-25 14:23:11,792 - ETL_Worker - INFO - Step 3: Inserting data into HDS_IMG...
2026-02-25 14:23:38,449 - root - INFO - Successfully wrote 1506373 rows to Fact_Imaging_Onc_Banzat_Id_Images
2026-02-25 14:23:38,449 - ETL_Worker - INFO - ETL Process Completed Successfully.
2026-02-25 14:24:44,948 - ETL_Worker - INFO - Retrieved 1616240 records from Oracle.
2026-02-25 14:24:44,948 - ETL_Worker - INFO - Merging datasets...
2026-02-25 14:24:45,043 - ETL_Worker - INFO - Step 3: Inserting data into HDS_IMG...
2026-02-25 14:25:17,630 - root - INFO - Successfully wrote 1616240 rows to Fact_Imaging_Onc_Banzat_Id_Images
2026-02-25 14:25:17,630 - ETL_Worker - INFO - ETL Process Completed Successfully.
2026-02-25 14:26:18,543 - ETL_Worker - INFO - Retrieved 1522957 records from Oracle.
2026-02-25 14:26:18,544 - ETL_Worker - INFO - Merging datasets...
2026-02-25 14:26:18,636 - ETL_Worker - INFO - Step 3: Inserting data into HDS_IMG...
2026-02-25 14:26:46,431 - root - INFO - Successfully wrote 1522957 rows to Fact_Imaging_Onc_Banzat_Id_Images
2026-02-25 14:26:46,431 - ETL_Worker - INFO - ETL Process Completed Successfully.
2026-02-25 14:27:53,295 - ETL_Worker - INFO - Retrieved 1543767 records from Oracle.
2026-02-25 14:27:53,295 - ETL_Worker - INFO - Merging datasets...
2026-02-25 14:27:53,387 - ETL_Worker - INFO - Step 3: Inserting data into HDS_IMG...
2026-02-25 14:28:22,587 - root - INFO - Successfully wrote 1543767 rows to Fact_Imaging_Onc_Banzat_Id_Images
2026-02-25 14:28:22,587 - ETL_Worker - INFO - ETL Process Completed Successfully.
2026-02-25 14:29:28,237 - ETL_Worker - INFO - Retrieved 1553871 records from Oracle.
2026-02-25 14:29:28,237 - ETL_Worker - INFO - Merging datasets...
2026-02-25 14:29:28,333 - ETL_Worker - INFO - Step 3: Inserting data into HDS_IMG...
2026-02-25 14:30:02,368 - root - INFO - Successfully wrote 1553871 rows to Fact_Imaging_Onc_Banzat_Id_Images
2026-02-25 14:30:02,368 - ETL_Worker - INFO - ETL Process Completed Successfully.
2026-02-25 14:31:11,123 - ETL_Worker - INFO - Retrieved 1576234 records from Oracle.
2026-02-25 14:31:11,123 - ETL_Worker - INFO - Merging datasets...
2026-02-25 14:31:11,228 - ETL_Worker - INFO - Step 3: Inserting data into HDS_IMG...
2026-02-25 14:31:39,983 - root - INFO - Successfully wrote 1576234 rows to Fact_Imaging_Onc_Banzat_Id_Images
2026-02-25 14:31:39,983 - ETL_Worker - INFO - ETL Process Completed Successfully.
2026-02-25 14:32:43,746 - ETL_Worker - INFO - Retrieved 1529401 records from Oracle.
2026-02-25 14:32:43,747 - ETL_Worker - INFO - Merging datasets...
2026-02-25 14:32:43,847 - ETL_Worker - INFO - Step 3: Inserting data into HDS_IMG...
2026-02-25 14:33:09,753 - root - INFO - Successfully wrote 1529401 rows to Fact_Imaging_Onc_Banzat_Id_Images
2026-02-25 14:33:09,754 - ETL_Worker - INFO - ETL Process Completed Successfully.
2026-02-25 14:34:19,840 - ETL_Worker - INFO - Retrieved 1609163 records from Oracle.
2026-02-25 14:34:19,840 - ETL_Worker - INFO - Merging datasets...
2026-02-25 14:34:19,934 - ETL_Worker - INFO - Step 3: Inserting data into HDS_IMG...
2026-02-25 14:35:23,430 - root - INFO - Successfully wrote 1609163 rows to Fact_Imaging_Onc_Banzat_Id_Images
2026-02-25 14:35:23,430 - ETL_Worker - INFO - ETL Process Completed Successfully.
2026-02-25 14:36:32,617 - ETL_Worker - INFO - Retrieved 1605426 records from Oracle.
2026-02-25 14:36:32,617 - ETL_Worker - INFO - Merging datasets...
2026-02-25 14:36:32,725 - ETL_Worker - INFO - Step 3: Inserting data into HDS_IMG...
2026-02-25 14:37:00,910 - root - INFO - Successfully wrote 1605426 rows to Fact_Imaging_Onc_Banzat_Id_Images
2026-02-25 14:37:00,911 - ETL_Worker - INFO - ETL Process Completed Successfully.
2026-02-25 14:38:06,311 - ETL_Worker - INFO - Retrieved 1573374 records from Oracle.
2026-02-25 14:38:06,311 - ETL_Worker - INFO - Merging datasets...
2026-02-25 14:38:06,407 - ETL_Worker - INFO - Step 3: Inserting data into HDS_IMG...
2026-02-25 14:38:35,647 - root - INFO - Successfully wrote 1573374 rows to Fact_Imaging_Onc_Banzat_Id_Images
2026-02-25 14:38:35,648 - ETL_Worker - INFO - ETL Process Completed Successfully.
2026-02-25 14:39:46,031 - ETL_Worker - INFO - Retrieved 1691880 records from Oracle.
2026-02-25 14:39:46,031 - ETL_Worker - INFO - Merging datasets...
2026-02-25 14:39:46,142 - ETL_Worker - INFO - Step 3: Inserting data into HDS_IMG...
2026-02-25 14:40:16,603 - root - INFO - Successfully wrote 1691880 rows to Fact_Imaging_Onc_Banzat_Id_Images
2026-02-25 14:40:16,604 - ETL_Worker - INFO - ETL Process Completed Successfully.
2026-02-25 14:41:22,392 - ETL_Worker - INFO - Retrieved 1613956 records from Oracle.
2026-02-25 14:41:22,392 - ETL_Worker - INFO - Merging datasets...
2026-02-25 14:41:22,494 - ETL_Worker - INFO - Step 3: Inserting data into HDS_IMG...
2026-02-25 14:41:57,627 - root - INFO - Successfully wrote 1613956 rows to Fact_Imaging_Onc_Banzat_Id_Images
2026-02-25 14:41:57,627 - ETL_Worker - INFO - ETL Process Completed Successfully.
2026-02-25 14:43:05,564 - ETL_Worker - INFO - Retrieved 1621718 records from Oracle.
2026-02-25 14:43:05,564 - ETL_Worker - INFO - Merging datasets...
2026-02-25 14:43:05,673 - ETL_Worker - INFO - Step 3: Inserting data into HDS_IMG...
2026-02-25 14:43:34,814 - root - INFO - Successfully wrote 1621718 rows to Fact_Imaging_Onc_Banzat_Id_Images
2026-02-25 14:43:34,814 - ETL_Worker - INFO - ETL Process Completed Successfully.
2026-02-25 14:44:32,284 - ETL_Worker - INFO - Retrieved 1412662 records from Oracle.
2026-02-25 14:44:32,284 - ETL_Worker - INFO - Merging datasets...
2026-02-25 14:44:32,393 - ETL_Worker - INFO - Step 3: Inserting data into HDS_IMG...
2026-02-25 14:44:57,629 - root - INFO - Successfully wrote 1412662 rows to Fact_Imaging_Onc_Banzat_Id_Images
2026-02-25 14:44:57,629 - ETL_Worker - INFO - ETL Process Completed Successfully.
2026-02-25 14:46:05,286 - ETL_Worker - INFO - Retrieved 1620939 records from Oracle.
2026-02-25 14:46:05,286 - ETL_Worker - INFO - Merging datasets...
2026-02-25 14:46:05,379 - ETL_Worker - INFO - Step 3: Inserting data into HDS_IMG...
2026-02-25 14:46:59,396 - root - INFO - Successfully wrote 1620939 rows to Fact_Imaging_Onc_Banzat_Id_Images
2026-02-25 14:46:59,396 - ETL_Worker - INFO - ETL Process Completed Successfully.
2026-02-25 14:48:06,459 - ETL_Worker - INFO - Retrieved 1641877 records from Oracle.
2026-02-25 14:48:06,459 - ETL_Worker - INFO - Merging datasets...
2026-02-25 14:48:06,552 - ETL_Worker - INFO - Step 3: Inserting data into HDS_IMG...
2026-02-25 14:48:36,131 - root - INFO - Successfully wrote 1641877 rows to Fact_Imaging_Onc_Banzat_Id_Images
2026-02-25 14:48:36,131 - ETL_Worker - INFO - ETL Process Completed Successfully.
2026-02-25 14:51:11,585 - ETL_Worker - INFO - Retrieved 1606664 records from Oracle.
2026-02-25 14:51:11,600 - ETL_Worker - INFO - Merging datasets...
2026-02-25 14:51:11,695 - ETL_Worker - INFO - Step 3: Inserting data into HDS_IMG...
2026-02-25 14:51:41,838 - root - INFO - Successfully wrote 1606664 rows to Fact_Imaging_Onc_Banzat_Id_Images
2026-02-25 14:51:41,838 - ETL_Worker - INFO - ETL Process Completed Successfully.
2026-02-25 14:54:14,086 - ETL_Worker - INFO - Retrieved 1611995 records from Oracle.
2026-02-25 14:54:14,086 - ETL_Worker - INFO - Merging datasets...
2026-02-25 14:54:14,181 - ETL_Worker - INFO - Step 3: Inserting data into HDS_IMG...
2026-02-25 14:54:42,135 - root - INFO - Successfully wrote 1611995 rows to Fact_Imaging_Onc_Banzat_Id_Images
2026-02-25 14:54:42,135 - ETL_Worker - INFO - ETL Process Completed Successfully.
2026-02-25 14:57:15,150 - ETL_Worker - INFO - Retrieved 1650170 records from Oracle.
2026-02-25 14:57:15,150 - ETL_Worker - INFO - Merging datasets...
2026-02-25 14:57:15,243 - ETL_Worker - INFO - Step 3: Inserting data into HDS_IMG...
2026-02-25 14:57:44,901 - root - INFO - Successfully wrote 1650170 rows to Fact_Imaging_Onc_Banzat_Id_Images
2026-02-25 14:57:44,901 - ETL_Worker - INFO - ETL Process Completed Successfully.
2026-02-25 15:00:22,360 - ETL_Worker - INFO - Retrieved 1616227 records from Oracle.
2026-02-25 15:00:22,360 - ETL_Worker - INFO - Merging datasets...
2026-02-25 15:00:22,463 - ETL_Worker - INFO - Step 3: Inserting data into HDS_IMG...
2026-02-25 15:00:51,064 - root - INFO - Successfully wrote 1616227 rows to Fact_Imaging_Onc_Banzat_Id_Images
2026-02-25 15:00:51,064 - ETL_Worker - INFO - ETL Process Completed Successfully.
2026-02-25 15:03:29,333 - ETL_Worker - INFO - Retrieved 1568786 records from Oracle.
2026-02-25 15:03:29,334 - ETL_Worker - INFO - Merging datasets...
2026-02-25 15:03:29,439 - ETL_Worker - INFO - Step 3: Inserting data into HDS_IMG...
2026-02-25 15:03:34,188 - root - ERROR - Error writing to DB: Execution failed on sql 'INSERT INTO "Fact_Imaging_Onc_Banzat_Id_Images" (bdika_id, image_filename, "Baznat_Id") VALUES (:bdika_id, :image_filename, :Baznat_Id)': (pyodbc.ProgrammingError) ('42000', "[42000] [Microsoft][ODBC Driver 17 for SQL Server][SQL Server]String or binary data would be truncated in table 'HDS_IMG.dbo.Fact_Imaging_Onc_Banzat_Id_Images', column 'Image_Filename'. Truncated value: 'PatientID=&StudyUID=1.2.840.113619.2.94.1256868288979.0318612322204.65045.252985&SeriesUID=1.2.840.1'. (2628) (SQLExecDirectW); [42000] [Microsoft][ODBC Driver 17 for SQL Server][SQL Server]The statement has been terminated. (3621)")
[SQL: INSERT INTO [Fact_Imaging_Onc_Banzat_Id_Images] (bdika_id, image_filename, [Baznat_Id]) VALUES (?, ?, ?), (?, ?, ?), (?, ?, ?), (?, ?, ?), (?, ?, ?), (?, ?, ?), (?, ?, ?), (?, ?, ?), (?, ?, ?), (?, ?, ?), (?, ?, ?), (?, ?, ?), (?, ?, ?), (?, ?, ?), ( ... 7432 characters truncated ... ), (?, ?, ?), (?, ?, ?), (?, ?, ?), (?, ?, ?), (?, ?, ?), (?, ?, ?), (?, ?, ?), (?, ?, ?), (?, ?, ?)]
[parameters: (9463504, '05182025\\CUKIER_DEBORAH\\250848676_1\\1.3.12.2.1107.5.2.41.169757.2025051820530949658437979', 3496565, 9463555, '05182025\\MOSHE_JOSEPH\\255744585_2\\1.3.46.670589.33.1.63883207566543358800001.5216753512285887620', 4385269, 9463565, '05182025\\LERMAN_MAX\\250848677_2\\1.3.12.2.1107.5.2.41.169757.2025051822261723319669319', 4453583, 9463565, '05182025\\LERMAN_MAX\\250848677_2\\1.3.12.2.1107.5.2.41.169757.2025051822155893534362495', 4453583, 9463565, '05182025\\LERMAN_MAX\\250848677_2\\1.3.12.2.1107.5.2.41.169757.2025051822160037717662847', 4453583, 9463565, '05182025\\LERMAN_MAX\\250848677_2\\1.3.12.2.1107.5.2.41.169757.2025051822262950668069789', 4453583, 9463565, '05182025\\LERMAN_MAX\\250848677_2\\1.3.12.2.1107.5.2.41.169757.2025051822175390831366145', 4453583, 9463565, '05182025\\LERMAN_MAX\\250848677_2\\1.3.12.2.1107.5.2.41.169757.2025051822163683509263610', 4453583, 9463565, '05182025\\LERMAN_MAX\\250848677_2\\1.3.12.2.1107.5.2.41.169757.2025051822261766326969465', 4453583, 9463572, '05182025\\SHALOM_TAMAR\\255744597_1\\1.3.46.670589.33.1.63883207643251746300001.4638149710187810568', 4761573, 9463572, '05182025\\SHALOM_TAMAR\\255744597_1\\1.3.46.670589.33.1.63883207742806440500001.5317295225994349963', 4761573, 9463581, '05182025\\ABU SHARAH_SUHAIB\\255744602_3\\1.3.12.2.1107.5.1.4.105680.30000025051622550532900314594', 5311591, 9463581, '05182025\\ABU SHARAH_SUHAIB\\255744602_3\\1.3.12.2.1107.5.8.15.101976.30000025051822061791700001064', 5311591, 9463581, '05182025\\ABU SHARAH_SUHAIB\\255744602_3\\1.3.12.2.1107.5.1.4.105680.30000025051622550532900310249', 5311591, 9463581, '05182025\\ABU SHARAH_SUHAIB\\255744602_3\\1.3.12.2.1107.5.1.4.105680.30000025051622550532900312265', 5311591, 9463586, '05182025\\GUIGUI_YEHUDA\\250848661_1\\1.3.46.670589.11.48917.5.0.6740.2025051823023345428', 4541312, 9463586, '05182025\\GUIGUI_YEHUDA\\250848661_1\\1.3.46.670589.11.48917.5.0.6740.2025051823402797053' ... 1997 parameters truncated ... '05182025\\BSHARY_BRACHA\\250848523_1\\1.2.840.113619.2.405.3.2831159336.322.1747546365.159.289', 4402448, 9462687, '05182025\\BSHARY_BRACHA\\250848523_1\\1.2.840.113619.2.405.3.2831159336.322.1747546364.788.66', 4402448, 9462687, '05182025\\BSHARY_BRACHA\\250848523_1\\1.2.840.113619.2.405.3.2831159336.322.1747546365.587.209', 4402448, 9462687, '05182025\\BSHARY_BRACHA\\250848523_1\\1.2.840.113619.2.405.2831159336.1747576320.94434', 4402448, 9462722, '05182025\\YEHODA_YOSEF\\250848548_1\\1.2.840.113619.2.431.3.2831163944.519.1747547336.866.110', 3693685, 9462722, '05182025\\YEHODA_YOSEF\\250848548_1\\1.2.840.113619.2.405.2831163944.1747578073.766452', 3693685, 9462725, '05182025\\JABER_KHADIJA\\250848546_1\\1.3.46.670589.61.128.2.20250518171952050005353', 3870222, 9462725, '05182025\\JABER_KHADIJA\\250848546_1\\1.3.46.670589.61.128.2.20250518172059986005252', 3870222, 9462725, '05182025\\JABER_KHADIJA\\250848546_1\\1.3.46.670589.61.128.2.20250518172015413050100082961309632', 3870222, 9462725, '06032025\\JABER_KHADIJA\\250848546_1\\1.3.46.670589.61.128.2.20250603225332016020902172340422592', 3870222, 9462725, '06032025\\JABER_KHADIJA\\250848546_1\\1.3.46.670589.61.128.2.20250603225446272021401062706332188', 3870222, 9462726, '05182025\\DINOVITZ_GALIA\\255744070_1\\1.3.46.670589.33.1.63883180519171337600001.5598865559763975035', 3973144, 9462746, '06032025\\BEYGEL_CHASYA\\250848522_1\\1.3.46.670589.61.128.2.20250603225233491030802091272929368', 7579316, 9462764, '05182025\\LADAWIH_AHMAD\\250848552_1\\1.3.12.2.1107.5.1.4.105680.30000025051622550532900218263', 5445764, 9462769, '05182025\\MAYER_RIVKA\\250848553_1\\1.2.840.113619.2.431.3.2831163944.519.1747547338.412.260', 6578162, 9462769, '05182025\\MAYER_RIVKA\\250848553_1\\1.2.840.113619.2.431.3.2831163944.519.1747547338.412.269', 6578162, 9462769, '05182025\\MAYER_RIVKA\\250848553_1\\1.2.840.113619.2.431.3.2831163944.519.1747547338.412.36', 6578162)]
(Background on this error at: https://sqlalche.me/e/20/f405)
2026-02-25 15:03:34,190 - ETL_Worker - CRITICAL - Unhandled exception in main execution: Execution failed on sql 'INSERT INTO "Fact_Imaging_Onc_Banzat_Id_Images" (bdika_id, image_filename, "Baznat_Id") VALUES (:bdika_id, :image_filename, :Baznat_Id)': (pyodbc.ProgrammingError) ('42000', "[42000] [Microsoft][ODBC Driver 17 for SQL Server][SQL Server]String or binary data would be truncated in table 'HDS_IMG.dbo.Fact_Imaging_Onc_Banzat_Id_Images', column 'Image_Filename'. Truncated value: 'PatientID=&StudyUID=1.2.840.113619.2.94.1256868288979.0318612322204.65045.252985&SeriesUID=1.2.840.1'. (2628) (SQLExecDirectW); [42000] [Microsoft][ODBC Driver 17 for SQL Server][SQL Server]The statement has been terminated. (3621)")
[SQL: INSERT INTO [Fact_Imaging_Onc_Banzat_Id_Images] (bdika_id, image_filename, [Baznat_Id]) VALUES (?, ?, ?), (?, ?, ?), (?, ?, ?), (?, ?, ?), (?, ?, ?), (?, ?, ?), (?, ?, ?), (?, ?, ?), (?, ?, ?), (?, ?, ?), (?, ?, ?), (?, ?, ?), (?, ?, ?), (?, ?, ?), ( ... 7432 characters truncated ... ), (?, ?, ?), (?, ?, ?), (?, ?, ?), (?, ?, ?), (?, ?, ?), (?, ?, ?), (?, ?, ?), (?, ?, ?), (?, ?, ?)]
[parameters: (9463504, '05182025\\CUKIER_DEBORAH\\250848676_1\\1.3.12.2.1107.5.2.41.169757.2025051820530949658437979', 3496565, 9463555, '05182025\\MOSHE_JOSEPH\\255744585_2\\1.3.46.670589.33.1.63883207566543358800001.5216753512285887620', 4385269, 9463565, '05182025\\LERMAN_MAX\\250848677_2\\1.3.12.2.1107.5.2.41.169757.2025051822261723319669319', 4453583, 9463565, '05182025\\LERMAN_MAX\\250848677_2\\1.3.12.2.1107.5.2.41.169757.2025051822155893534362495', 4453583, 9463565, '05182025\\LERMAN_MAX\\250848677_2\\1.3.12.2.1107.5.2.41.169757.2025051822160037717662847', 4453583, 9463565, '05182025\\LERMAN_MAX\\250848677_2\\1.3.12.2.1107.5.2.41.169757.2025051822262950668069789', 4453583, 9463565, '05182025\\LERMAN_MAX\\250848677_2\\1.3.12.2.1107.5.2.41.169757.2025051822175390831366145', 4453583, 9463565, '05182025\\LERMAN_MAX\\250848677_2\\1.3.12.2.1107.5.2.41.169757.2025051822163683509263610', 4453583, 9463565, '05182025\\LERMAN_MAX\\250848677_2\\1.3.12.2.1107.5.2.41.169757.2025051822261766326969465', 4453583, 9463572, '05182025\\SHALOM_TAMAR\\255744597_1\\1.3.46.670589.33.1.63883207643251746300001.4638149710187810568', 4761573, 9463572, '05182025\\SHALOM_TAMAR\\255744597_1\\1.3.46.670589.33.1.63883207742806440500001.5317295225994349963', 4761573, 9463581, '05182025\\ABU SHARAH_SUHAIB\\255744602_3\\1.3.12.2.1107.5.1.4.105680.30000025051622550532900314594', 5311591, 9463581, '05182025\\ABU SHARAH_SUHAIB\\255744602_3\\1.3.12.2.1107.5.8.15.101976.30000025051822061791700001064', 5311591, 9463581, '05182025\\ABU SHARAH_SUHAIB\\255744602_3\\1.3.12.2.1107.5.1.4.105680.30000025051622550532900310249', 5311591, 9463581, '05182025\\ABU SHARAH_SUHAIB\\255744602_3\\1.3.12.2.1107.5.1.4.105680.30000025051622550532900312265', 5311591, 9463586, '05182025\\GUIGUI_YEHUDA\\250848661_1\\1.3.46.670589.11.48917.5.0.6740.2025051823023345428', 4541312, 9463586, '05182025\\GUIGUI_YEHUDA\\250848661_1\\1.3.46.670589.11.48917.5.0.6740.2025051823402797053' ... 1997 parameters truncated ... '05182025\\BSHARY_BRACHA\\250848523_1\\1.2.840.113619.2.405.3.2831159336.322.1747546365.159.289', 4402448, 9462687, '05182025\\BSHARY_BRACHA\\250848523_1\\1.2.840.113619.2.405.3.2831159336.322.1747546364.788.66', 4402448, 9462687, '05182025\\BSHARY_BRACHA\\250848523_1\\1.2.840.113619.2.405.3.2831159336.322.1747546365.587.209', 4402448, 9462687, '05182025\\BSHARY_BRACHA\\250848523_1\\1.2.840.113619.2.405.2831159336.1747576320.94434', 4402448, 9462722, '05182025\\YEHODA_YOSEF\\250848548_1\\1.2.840.113619.2.431.3.2831163944.519.1747547336.866.110', 3693685, 9462722, '05182025\\YEHODA_YOSEF\\250848548_1\\1.2.840.113619.2.405.2831163944.1747578073.766452', 3693685, 9462725, '05182025\\JABER_KHADIJA\\250848546_1\\1.3.46.670589.61.128.2.20250518171952050005353', 3870222, 9462725, '05182025\\JABER_KHADIJA\\250848546_1\\1.3.46.670589.61.128.2.20250518172059986005252', 3870222, 9462725, '05182025\\JABER_KHADIJA\\250848546_1\\1.3.46.670589.61.128.2.20250518172015413050100082961309632', 3870222, 9462725, '06032025\\JABER_KHADIJA\\250848546_1\\1.3.46.670589.61.128.2.20250603225332016020902172340422592', 3870222, 9462725, '06032025\\JABER_KHADIJA\\250848546_1\\1.3.46.670589.61.128.2.20250603225446272021401062706332188', 3870222, 9462726, '05182025\\DINOVITZ_GALIA\\255744070_1\\1.3.46.670589.33.1.63883180519171337600001.5598865559763975035', 3973144, 9462746, '06032025\\BEYGEL_CHASYA\\250848522_1\\1.3.46.670589.61.128.2.20250603225233491030802091272929368', 7579316, 9462764, '05182025\\LADAWIH_AHMAD\\250848552_1\\1.3.12.2.1107.5.1.4.105680.30000025051622550532900218263', 5445764, 9462769, '05182025\\MAYER_RIVKA\\250848553_1\\1.2.840.113619.2.431.3.2831163944.519.1747547338.412.260', 6578162, 9462769, '05182025\\MAYER_RIVKA\\250848553_1\\1.2.840.113619.2.431.3.2831163944.519.1747547338.412.269', 6578162, 9462769, '05182025\\MAYER_RIVKA\\250848553_1\\1.2.840.113619.2.431.3.2831163944.519.1747547338.412.36', 6578162)]
(Background on this error at: https://sqlalche.me/e/20/f405)
2026-02-26 10:58:34,160 - ETL_Worker - INFO - Initializing Database Connections...
2026-02-26 10:58:34,170 - root - INFO - Connected to SQL Server: Onc
2026-02-26 10:58:34,224 - root - INFO - Connected to Oracle Database
2026-02-26 10:58:34,224 - root - INFO - Connected to SQL Server: HDS_IMG
2026-02-26 10:58:34,224 - ETL_Worker - INFO - Starting ETL Process...
2026-02-26 10:58:34,224 - ETL_Worker - INFO - Step 1: Reading data from Onc Database...
2026-02-26 10:58:35,631 - ETL_Worker - INFO - Retrieved 58656 records from Onc.
2026-02-26 10:58:35,633 - ETL_Worker - INFO - Step 2: Reading from Oracle with Chunking...
2026-02-26 10:58:56,523 - ETL_Worker - INFO - Initializing Database Connections...
2026-02-26 10:58:56,531 - root - INFO - Connected to SQL Server: Onc
2026-02-26 10:58:56,583 - root - INFO - Connected to Oracle Database
2026-02-26 10:58:56,583 - root - INFO - Connected to SQL Server: HDS_IMG
2026-02-26 10:58:56,583 - ETL_Worker - INFO - Starting ETL Process...
2026-02-26 10:58:56,583 - ETL_Worker - INFO - Step 1: Reading data from Onc Database...
2026-02-26 10:58:57,680 - ETL_Worker - INFO - Retrieved 58656 records from Onc.
2026-02-26 10:58:57,682 - ETL_Worker - INFO - Step 2: Reading from Oracle with Chunking...
2026-02-26 11:03:02,578 - ETL_Worker - INFO - Retrieved 1696234 records from Oracle.
2026-02-26 11:03:02,578 - ETL_Worker - INFO - Merging datasets...
2026-02-26 11:03:02,633 - ETL_Worker - INFO - Step 3: Inserting data into HDS_IMG...
2026-02-26 11:04:03,707 - root - INFO - Successfully wrote 1696234 rows to Fact_Imaging_Onc_Banzat_Id_Images
2026-02-26 11:07:44,928 - ETL_Worker - INFO - Retrieved 1694740 records from Oracle.
2026-02-26 11:07:44,928 - ETL_Worker - INFO - Merging datasets...
2026-02-26 11:07:45,027 - ETL_Worker - INFO - Step 3: Inserting data into HDS_IMG...
2026-02-26 11:08:16,167 - root - INFO - Successfully wrote 1694740 rows to Fact_Imaging_Onc_Banzat_Id_Images
2026-02-26 11:11:37,613 - ETL_Worker - INFO - Retrieved 1571812 records from Oracle.
2026-02-26 11:11:37,613 - ETL_Worker - INFO - Merging datasets...
2026-02-26 11:11:37,728 - ETL_Worker - INFO - Step 3: Inserting data into HDS_IMG...
2026-02-26 11:12:17,472 - root - INFO - Successfully wrote 1571812 rows to Fact_Imaging_Onc_Banzat_Id_Images
2026-02-26 11:15:36,895 - ETL_Worker - INFO - Retrieved 1512681 records from Oracle.
2026-02-26 11:15:36,895 - ETL_Worker - INFO - Merging datasets...
2026-02-26 11:15:37,007 - ETL_Worker - INFO - Step 3: Inserting data into HDS_IMG...
2026-02-26 11:16:05,916 - root - INFO - Successfully wrote 1512681 rows to Fact_Imaging_Onc_Banzat_Id_Images
2026-02-26 11:19:13,234 - ETL_Worker - INFO - Retrieved 1580028 records from Oracle.
2026-02-26 11:19:13,234 - ETL_Worker - INFO - Merging datasets...
2026-02-26 11:19:13,333 - ETL_Worker - INFO - Step 3: Inserting data into HDS_IMG...
2026-02-26 11:19:44,247 - root - INFO - Successfully wrote 1580028 rows to Fact_Imaging_Onc_Banzat_Id_Images
2026-02-26 11:22:52,771 - ETL_Worker - INFO - Retrieved 1639539 records from Oracle.
2026-02-26 11:22:52,771 - ETL_Worker - INFO - Merging datasets...
2026-02-26 11:22:52,873 - ETL_Worker - INFO - Step 3: Inserting data into HDS_IMG...
2026-02-26 11:23:22,993 - root - INFO - Successfully wrote 1639539 rows to Fact_Imaging_Onc_Banzat_Id_Images
2026-02-26 11:26:13,350 - ETL_Worker - INFO - Retrieved 1570161 records from Oracle.
2026-02-26 11:26:13,350 - ETL_Worker - INFO - Merging datasets...
2026-02-26 11:26:13,456 - ETL_Worker - INFO - Step 3: Inserting data into HDS_IMG...
2026-02-26 11:26:54,799 - root - INFO - Successfully wrote 1570161 rows to Fact_Imaging_Onc_Banzat_Id_Images
2026-02-26 11:30:04,027 - ETL_Worker - INFO - Retrieved 1677971 records from Oracle.
2026-02-26 11:30:04,027 - ETL_Worker - INFO - Merging datasets...
2026-02-26 11:30:04,134 - ETL_Worker - INFO - Step 3: Inserting data into HDS_IMG...
2026-02-26 11:30:33,162 - root - INFO - Successfully wrote 1677971 rows to Fact_Imaging_Onc_Banzat_Id_Images
2026-02-26 11:33:28,559 - ETL_Worker - INFO - Retrieved 1553853 records from Oracle.
2026-02-26 11:33:28,560 - ETL_Worker - INFO - Merging datasets...
2026-02-26 11:33:28,669 - ETL_Worker - INFO - Step 3: Inserting data into HDS_IMG...
2026-02-26 11:33:56,145 - root - INFO - Successfully wrote 1553853 rows to Fact_Imaging_Onc_Banzat_Id_Images
2026-02-26 11:37:01,490 - ETL_Worker - INFO - Retrieved 1646866 records from Oracle.
2026-02-26 11:37:01,490 - ETL_Worker - INFO - Merging datasets...
2026-02-26 11:37:01,605 - ETL_Worker - INFO - Step 3: Inserting data into HDS_IMG...
2026-02-26 11:37:30,825 - root - INFO - Successfully wrote 1646866 rows to Fact_Imaging_Onc_Banzat_Id_Images
2026-02-26 11:40:36,214 - ETL_Worker - INFO - Retrieved 1625017 records from Oracle.
2026-02-26 11:40:36,214 - ETL_Worker - INFO - Merging datasets...
2026-02-26 11:40:36,325 - ETL_Worker - INFO - Step 3: Inserting data into HDS_IMG...
2026-02-26 11:41:41,773 - root - INFO - Successfully wrote 1625017 rows to Fact_Imaging_Onc_Banzat_Id_Images
2026-02-26 11:44:38,114 - ETL_Worker - INFO - Retrieved 1658587 records from Oracle.
2026-02-26 11:44:38,114 - ETL_Worker - INFO - Merging datasets...
2026-02-26 11:44:38,214 - ETL_Worker - INFO - Step 3: Inserting data into HDS_IMG...
2026-02-26 11:45:06,790 - root - INFO - Successfully wrote 1658587 rows to Fact_Imaging_Onc_Banzat_Id_Images
2026-02-26 11:48:07,124 - ETL_Worker - INFO - Retrieved 1576439 records from Oracle.
2026-02-26 11:48:07,125 - ETL_Worker - INFO - Merging datasets...
2026-02-26 11:48:07,227 - ETL_Worker - INFO - Step 3: Inserting data into HDS_IMG...
2026-02-26 11:48:36,147 - root - INFO - Successfully wrote 1576439 rows to Fact_Imaging_Onc_Banzat_Id_Images
2026-02-26 11:51:35,638 - ETL_Worker - INFO - Retrieved 1616411 records from Oracle.
2026-02-26 11:51:35,639 - ETL_Worker - INFO - Merging datasets...
2026-02-26 11:51:35,734 - ETL_Worker - INFO - Step 3: Inserting data into HDS_IMG...
2026-02-26 11:52:03,119 - root - INFO - Successfully wrote 1616411 rows to Fact_Imaging_Onc_Banzat_Id_Images
2026-02-26 11:54:38,870 - ETL_Worker - INFO - Retrieved 1476365 records from Oracle.
2026-02-26 11:54:38,870 - ETL_Worker - INFO - Merging datasets...
2026-02-26 11:54:38,942 - ETL_Worker - INFO - Step 3: Inserting data into HDS_IMG...
2026-02-26 11:54:59,510 - root - INFO - Successfully wrote 1476365 rows to Fact_Imaging_Onc_Banzat_Id_Images
2026-02-26 11:57:39,802 - ETL_Worker - INFO - Retrieved 1567465 records from Oracle.
2026-02-26 11:57:39,802 - ETL_Worker - INFO - Merging datasets...
2026-02-26 11:57:39,895 - ETL_Worker - INFO - Step 3: Inserting data into HDS_IMG...
2026-02-26 11:58:07,342 - root - INFO - Successfully wrote 1567465 rows to Fact_Imaging_Onc_Banzat_Id_Images
2026-02-26 12:00:53,017 - ETL_Worker - INFO - Retrieved 1561475 records from Oracle.
2026-02-26 12:00:53,017 - ETL_Worker - INFO - Merging datasets...
2026-02-26 12:00:53,111 - ETL_Worker - INFO - Step 3: Inserting data into HDS_IMG...
2026-02-26 12:01:20,700 - root - INFO - Successfully wrote 1561475 rows to Fact_Imaging_Onc_Banzat_Id_Images
2026-02-26 12:04:11,913 - ETL_Worker - INFO - Retrieved 1597723 records from Oracle.
2026-02-26 12:04:11,913 - ETL_Worker - INFO - Merging datasets...
2026-02-26 12:04:12,018 - ETL_Worker - INFO - Step 3: Inserting data into HDS_IMG...
2026-02-26 12:04:40,862 - root - INFO - Successfully wrote 1597723 rows to Fact_Imaging_Onc_Banzat_Id_Images
2026-02-26 12:07:27,193 - ETL_Worker - INFO - Retrieved 1567100 records from Oracle.
2026-02-26 12:07:27,193 - ETL_Worker - INFO - Merging datasets...
2026-02-26 12:07:27,304 - ETL_Worker - INFO - Step 3: Inserting data into HDS_IMG...
2026-02-26 12:07:55,066 - root - INFO - Successfully wrote 1567100 rows to Fact_Imaging_Onc_Banzat_Id_Images
2026-02-26 12:10:50,556 - ETL_Worker - INFO - Retrieved 1706591 records from Oracle.
2026-02-26 12:10:50,556 - ETL_Worker - INFO - Merging datasets...
2026-02-26 12:10:50,666 - ETL_Worker - INFO - Step 3: Inserting data into HDS_IMG...
2026-02-26 12:11:38,291 - root - INFO - Successfully wrote 1706591 rows to Fact_Imaging_Onc_Banzat_Id_Images
2026-02-26 12:14:24,620 - ETL_Worker - INFO - Retrieved 1637170 records from Oracle.
2026-02-26 12:14:24,620 - ETL_Worker - INFO - Merging datasets...
2026-02-26 12:14:24,731 - ETL_Worker - INFO - Step 3: Inserting data into HDS_IMG...
2026-02-26 12:15:05,671 - root - INFO - Successfully wrote 1637170 rows to Fact_Imaging_Onc_Banzat_Id_Images
2026-02-26 12:17:57,598 - ETL_Worker - INFO - Retrieved 1650176 records from Oracle.
2026-02-26 12:17:57,598 - ETL_Worker - INFO - Merging datasets...
2026-02-26 12:17:57,725 - ETL_Worker - INFO - Step 3: Inserting data into HDS_IMG...
2026-02-26 12:18:33,911 - root - INFO - Successfully wrote 1650176 rows to Fact_Imaging_Onc_Banzat_Id_Images
2026-02-26 12:21:08,387 - ETL_Worker - INFO - Retrieved 1522049 records from Oracle.
2026-02-26 12:21:08,387 - ETL_Worker - INFO - Merging datasets...
2026-02-26 12:21:08,490 - ETL_Worker - INFO - Step 3: Inserting data into HDS_IMG...
2026-02-26 12:21:43,880 - root - INFO - Successfully wrote 1522049 rows to Fact_Imaging_Onc_Banzat_Id_Images
2026-02-26 12:24:38,353 - ETL_Worker - INFO - Retrieved 1699444 records from Oracle.
2026-02-26 12:24:38,353 - ETL_Worker - INFO - Merging datasets...
2026-02-26 12:24:38,453 - ETL_Worker - INFO - Step 3: Inserting data into HDS_IMG...
2026-02-26 12:25:13,731 - root - INFO - Successfully wrote 1699444 rows to Fact_Imaging_Onc_Banzat_Id_Images
2026-02-26 12:28:02,819 - ETL_Worker - INFO - Retrieved 1675475 records from Oracle.
2026-02-26 12:28:02,819 - ETL_Worker - INFO - Merging datasets...
2026-02-26 12:28:02,930 - ETL_Worker - INFO - Step 3: Inserting data into HDS_IMG...
2026-02-26 12:28:39,370 - root - INFO - Successfully wrote 1675475 rows to Fact_Imaging_Onc_Banzat_Id_Images
2026-02-26 12:31:30,111 - ETL_Worker - INFO - Retrieved 1653321 records from Oracle.
2026-02-26 12:31:30,111 - ETL_Worker - INFO - Merging datasets...
2026-02-26 12:31:30,206 - ETL_Worker - INFO - Step 3: Inserting data into HDS_IMG...
2026-02-26 12:32:07,306 - root - INFO - Successfully wrote 1653321 rows to Fact_Imaging_Onc_Banzat_Id_Images
2026-02-26 12:35:02,060 - ETL_Worker - INFO - Retrieved 1695011 records from Oracle.
2026-02-26 12:35:02,060 - ETL_Worker - INFO - Merging datasets...
2026-02-26 12:35:02,171 - ETL_Worker - INFO - Step 3: Inserting data into HDS_IMG...
2026-02-26 12:35:37,661 - root - INFO - Successfully wrote 1695011 rows to Fact_Imaging_Onc_Banzat_Id_Images
2026-02-26 12:38:22,246 - ETL_Worker - INFO - Retrieved 1640551 records from Oracle.
2026-02-26 12:38:22,246 - ETL_Worker - INFO - Merging datasets...
2026-02-26 12:38:22,358 - ETL_Worker - INFO - Step 3: Inserting data into HDS_IMG...
2026-02-26 12:38:58,675 - root - INFO - Successfully wrote 1640551 rows to Fact_Imaging_Onc_Banzat_Id_Images
2026-02-26 12:41:48,537 - ETL_Worker - INFO - Retrieved 1565957 records from Oracle.
2026-02-26 12:41:48,537 - ETL_Worker - INFO - Merging datasets...
2026-02-26 12:41:48,632 - ETL_Worker - INFO - Step 3: Inserting data into HDS_IMG...
2026-02-26 12:42:27,538 - root - INFO - Successfully wrote 1565957 rows to Fact_Imaging_Onc_Banzat_Id_Images
2026-02-26 12:45:01,547 - ETL_Worker - INFO - Retrieved 1533590 records from Oracle.
2026-02-26 12:45:01,547 - ETL_Worker - INFO - Merging datasets...
2026-02-26 12:45:01,657 - ETL_Worker - INFO - Step 3: Inserting data into HDS_IMG...
2026-02-26 12:45:34,536 - root - INFO - Successfully wrote 1533590 rows to Fact_Imaging_Onc_Banzat_Id_Images
2026-02-26 12:48:26,982 - ETL_Worker - INFO - Retrieved 1657112 records from Oracle.
2026-02-26 12:48:26,982 - ETL_Worker - INFO - Merging datasets...
2026-02-26 12:48:27,081 - ETL_Worker - INFO - Step 3: Inserting data into HDS_IMG...
2026-02-26 12:49:13,478 - root - INFO - Successfully wrote 1657112 rows to Fact_Imaging_Onc_Banzat_Id_Images
2026-02-26 12:51:51,976 - ETL_Worker - INFO - Retrieved 1558853 records from Oracle.
2026-02-26 12:51:51,976 - ETL_Worker - INFO - Merging datasets...
2026-02-26 12:51:52,086 - ETL_Worker - INFO - Step 3: Inserting data into HDS_IMG...
2026-02-26 12:52:28,141 - root - INFO - Successfully wrote 1558853 rows to Fact_Imaging_Onc_Banzat_Id_Images
2026-02-26 12:55:12,262 - ETL_Worker - INFO - Retrieved 1674907 records from Oracle.
2026-02-26 12:55:12,262 - ETL_Worker - INFO - Merging datasets...
2026-02-26 12:55:12,375 - ETL_Worker - INFO - Step 3: Inserting data into HDS_IMG...
2026-02-26 12:55:42,136 - root - INFO - Successfully wrote 1674907 rows to Fact_Imaging_Onc_Banzat_Id_Images
2026-02-26 12:58:30,016 - ETL_Worker - INFO - Retrieved 1674923 records from Oracle.
2026-02-26 12:58:30,016 - ETL_Worker - INFO - Merging datasets...
2026-02-26 12:58:30,126 - ETL_Worker - INFO - Step 3: Inserting data into HDS_IMG...
2026-02-26 12:58:59,207 - root - INFO - Successfully wrote 1674923 rows to Fact_Imaging_Onc_Banzat_Id_Images
2026-02-26 13:01:42,609 - ETL_Worker - INFO - Retrieved 1659837 records from Oracle.
2026-02-26 13:01:42,609 - ETL_Worker - INFO - Merging datasets...
2026-02-26 13:01:42,704 - ETL_Worker - INFO - Step 3: Inserting data into HDS_IMG...
2026-02-26 13:02:11,482 - root - INFO - Successfully wrote 1659837 rows to Fact_Imaging_Onc_Banzat_Id_Images
2026-02-26 13:05:04,917 - ETL_Worker - INFO - Retrieved 1720882 records from Oracle.
2026-02-26 13:05:04,917 - ETL_Worker - INFO - Merging datasets...
2026-02-26 13:05:05,028 - ETL_Worker - INFO - Step 3: Inserting data into HDS_IMG...
2026-02-26 13:05:38,048 - root - INFO - Successfully wrote 1720882 rows to Fact_Imaging_Onc_Banzat_Id_Images
2026-02-26 13:08:30,446 - ETL_Worker - INFO - Retrieved 1651532 records from Oracle.
2026-02-26 13:08:30,446 - ETL_Worker - INFO - Merging datasets...
2026-02-26 13:08:30,555 - ETL_Worker - INFO - Step 3: Inserting data into HDS_IMG...
2026-02-26 13:09:03,523 - root - INFO - Successfully wrote 1651532 rows to Fact_Imaging_Onc_Banzat_Id_Images
2026-02-26 13:11:43,279 - ETL_Worker - INFO - Retrieved 1598156 records from Oracle.
2026-02-26 13:11:43,279 - ETL_Worker - INFO - Merging datasets...
2026-02-26 13:11:43,385 - ETL_Worker - INFO - Step 3: Inserting data into HDS_IMG...
2026-02-26 13:12:13,706 - root - INFO - Successfully wrote 1598156 rows to Fact_Imaging_Onc_Banzat_Id_Images
2026-02-26 13:14:58,867 - ETL_Worker - INFO - Retrieved 1603679 records from Oracle.
2026-02-26 13:14:58,867 - ETL_Worker - INFO - Merging datasets...
2026-02-26 13:14:58,972 - ETL_Worker - INFO - Step 3: Inserting data into HDS_IMG...
2026-02-26 13:15:26,763 - root - INFO - Successfully wrote 1603679 rows to Fact_Imaging_Onc_Banzat_Id_Images
2026-02-26 13:18:16,626 - ETL_Worker - INFO - Retrieved 1680561 records from Oracle.
2026-02-26 13:18:16,626 - ETL_Worker - INFO - Merging datasets...
2026-02-26 13:18:16,737 - ETL_Worker - INFO - Step 3: Inserting data into HDS_IMG...
2026-02-26 13:18:46,522 - root - INFO - Successfully wrote 1680561 rows to Fact_Imaging_Onc_Banzat_Id_Images
2026-02-26 13:21:20,254 - ETL_Worker - INFO - Retrieved 1573022 records from Oracle.
2026-02-26 13:21:20,254 - ETL_Worker - INFO - Merging datasets...
2026-02-26 13:21:20,359 - ETL_Worker - INFO - Step 3: Inserting data into HDS_IMG...
2026-02-26 13:21:48,445 - root - INFO - Successfully wrote 1573022 rows to Fact_Imaging_Onc_Banzat_Id_Images
2026-02-26 13:24:36,135 - ETL_Worker - INFO - Retrieved 1647254 records from Oracle.
2026-02-26 13:24:36,136 - ETL_Worker - INFO - Merging datasets...
2026-02-26 13:24:36,234 - ETL_Worker - INFO - Step 3: Inserting data into HDS_IMG...
2026-02-26 13:25:05,029 - root - INFO - Successfully wrote 1647254 rows to Fact_Imaging_Onc_Banzat_Id_Images
2026-02-26 13:27:45,864 - ETL_Worker - INFO - Retrieved 1620483 records from Oracle.
2026-02-26 13:27:45,864 - ETL_Worker - INFO - Merging datasets...
2026-02-26 13:27:45,969 - ETL_Worker - INFO - Step 3: Inserting data into HDS_IMG...
2026-02-26 13:28:48,305 - root - INFO - Successfully wrote 1620483 rows to Fact_Imaging_Onc_Banzat_Id_Images
2026-02-26 13:31:42,088 - ETL_Worker - INFO - Retrieved 1729005 records from Oracle.
2026-02-26 13:31:42,088 - ETL_Worker - INFO - Merging datasets...
2026-02-26 13:31:42,198 - ETL_Worker - INFO - Step 3: Inserting data into HDS_IMG...
2026-02-26 13:32:22,729 - root - INFO - Successfully wrote 1729005 rows to Fact_Imaging_Onc_Banzat_Id_Images
2026-02-26 13:35:08,483 - ETL_Worker - INFO - Retrieved 1615907 records from Oracle.
2026-02-26 13:35:08,483 - ETL_Worker - INFO - Merging datasets...
2026-02-26 13:35:08,593 - ETL_Worker - INFO - Step 3: Inserting data into HDS_IMG...
2026-02-26 13:36:20,764 - root - INFO - Successfully wrote 1615907 rows to Fact_Imaging_Onc_Banzat_Id_Images
2026-02-26 13:39:04,786 - ETL_Worker - INFO - Retrieved 1612502 records from Oracle.
2026-02-26 13:39:04,786 - ETL_Worker - INFO - Merging datasets...
2026-02-26 13:39:04,885 - ETL_Worker - INFO - Step 3: Inserting data into HDS_IMG...
2026-02-26 13:39:49,000 - root - INFO - Successfully wrote 1612502 rows to Fact_Imaging_Onc_Banzat_Id_Images
2026-02-26 13:42:43,413 - ETL_Worker - INFO - Retrieved 1729462 records from Oracle.
2026-02-26 13:42:43,413 - ETL_Worker - INFO - Merging datasets...
2026-02-26 13:42:43,508 - ETL_Worker - INFO - Step 3: Inserting data into HDS_IMG...
2026-02-26 13:43:14,064 - root - INFO - Successfully wrote 1729462 rows to Fact_Imaging_Onc_Banzat_Id_Images
2026-02-26 13:45:59,278 - ETL_Worker - INFO - Retrieved 1681525 records from Oracle.
2026-02-26 13:45:59,278 - ETL_Worker - INFO - Merging datasets...
2026-02-26 13:45:59,388 - ETL_Worker - INFO - Step 3: Inserting data into HDS_IMG...
2026-02-26 13:46:37,911 - root - INFO - Successfully wrote 1681525 rows to Fact_Imaging_Onc_Banzat_Id_Images
2026-02-26 13:49:12,727 - ETL_Worker - INFO - Retrieved 1564756 records from Oracle.
2026-02-26 13:49:12,727 - ETL_Worker - INFO - Merging datasets...
2026-02-26 13:49:12,822 - ETL_Worker - INFO - Step 3: Inserting data into HDS_IMG...
2026-02-26 13:50:19,426 - root - INFO - Successfully wrote 1564756 rows to Fact_Imaging_Onc_Banzat_Id_Images
2026-02-26 13:52:57,862 - ETL_Worker - INFO - Retrieved 1553320 records from Oracle.
2026-02-26 13:52:57,862 - ETL_Worker - INFO - Merging datasets...
2026-02-26 13:52:57,965 - ETL_Worker - INFO - Step 3: Inserting data into HDS_IMG...
2026-02-26 13:53:25,488 - root - INFO - Successfully wrote 1553320 rows to Fact_Imaging_Onc_Banzat_Id_Images
2026-02-26 13:55:55,202 - ETL_Worker - INFO - Retrieved 1526468 records from Oracle.
2026-02-26 13:55:55,202 - ETL_Worker - INFO - Merging datasets...
2026-02-26 13:55:55,303 - ETL_Worker - INFO - Step 3: Inserting data into HDS_IMG...
2026-02-26 13:56:21,149 - root - INFO - Successfully wrote 1526468 rows to Fact_Imaging_Onc_Banzat_Id_Images
2026-02-26 13:59:01,340 - ETL_Worker - INFO - Retrieved 1647966 records from Oracle.
2026-02-26 13:59:01,340 - ETL_Worker - INFO - Merging datasets...
2026-02-26 13:59:01,427 - ETL_Worker - INFO - Step 3: Inserting data into HDS_IMG...
2026-02-26 13:59:30,844 - root - INFO - Successfully wrote 1647966 rows to Fact_Imaging_Onc_Banzat_Id_Images
2026-02-26 14:02:23,165 - ETL_Worker - INFO - Retrieved 1632809 records from Oracle.
2026-02-26 14:02:23,165 - ETL_Worker - INFO - Merging datasets...
2026-02-26 14:02:23,271 - ETL_Worker - INFO - Step 3: Inserting data into HDS_IMG...
2026-02-26 14:02:52,945 - root - INFO - Successfully wrote 1632809 rows to Fact_Imaging_Onc_Banzat_Id_Images
2026-02-26 14:05:27,147 - ETL_Worker - INFO - Retrieved 1550155 records from Oracle.
2026-02-26 14:05:27,148 - ETL_Worker - INFO - Merging datasets...
2026-02-26 14:05:27,259 - ETL_Worker - INFO - Step 3: Inserting data into HDS_IMG...
2026-02-26 14:05:55,499 - root - INFO - Successfully wrote 1550155 rows to Fact_Imaging_Onc_Banzat_Id_Images
2026-02-26 14:08:34,594 - ETL_Worker - INFO - Retrieved 1530126 records from Oracle.
2026-02-26 14:08:34,594 - ETL_Worker - INFO - Merging datasets...
2026-02-26 14:08:34,703 - ETL_Worker - INFO - Step 3: Inserting data into HDS_IMG...
2026-02-26 14:09:03,419 - root - INFO - Successfully wrote 1530126 rows to Fact_Imaging_Onc_Banzat_Id_Images
2026-02-26 14:11:56,768 - ETL_Worker - INFO - Retrieved 1628624 records from Oracle.
2026-02-26 14:11:56,768 - ETL_Worker - INFO - Merging datasets...
2026-02-26 14:11:56,900 - ETL_Worker - INFO - Step 3: Inserting data into HDS_IMG...
2026-02-26 14:12:25,660 - root - INFO - Successfully wrote 1628624 rows to Fact_Imaging_Onc_Banzat_Id_Images
2026-02-26 14:15:09,167 - ETL_Worker - INFO - Retrieved 1648576 records from Oracle.
2026-02-26 14:15:09,167 - ETL_Worker - INFO - Merging datasets...
2026-02-26 14:15:09,269 - ETL_Worker - INFO - Step 3: Inserting data into HDS_IMG...
2026-02-26 14:15:38,405 - root - INFO - Successfully wrote 1648576 rows to Fact_Imaging_Onc_Banzat_Id_Images
2026-02-26 14:18:17,213 - ETL_Worker - INFO - Retrieved 1608002 records from Oracle.
2026-02-26 14:18:17,213 - ETL_Worker - INFO - Merging datasets...
2026-02-26 14:18:17,310 - ETL_Worker - INFO - Step 3: Inserting data into HDS_IMG...
2026-02-26 14:18:46,402 - root - INFO - Successfully wrote 1608002 rows to Fact_Imaging_Onc_Banzat_Id_Images
2026-02-26 14:20:31,946 - ETL_Worker - INFO - Retrieved 1059907 records from Oracle.
2026-02-26 14:20:31,946 - ETL_Worker - INFO - Merging datasets...
2026-02-26 14:20:32,051 - ETL_Worker - INFO - Step 3: Inserting data into HDS_IMG...
2026-02-26 14:20:54,717 - root - INFO - Successfully wrote 1059907 rows to Fact_Imaging_Onc_Banzat_Id_Images
2026-02-26 14:20:54,717 - ETL_Worker - INFO - ETL Process Completed Successfully.
2026-02-26 17:59:51,614 - ETL_Worker - INFO - Initializing Database Connections...
2026-02-26 17:59:51,623 - root - INFO - Connected to SQL Server: Onc (fast_executemany enabled)
2026-02-26 17:59:51,623 - root - INFO - Connected to SQL Server: HDS_IMG (fast_executemany enabled)
2026-02-26 17:59:51,623 - ETL_Worker - INFO - Starting ETL Process (Multiprocessing Enabled)...
2026-02-26 17:59:51,841 - ETL_Worker - INFO - Retrieved 83374 records from Onc.
2026-02-26 17:59:51,841 - ETL_Worker - INFO - Step 2: Reading from Oracle (Parallel)...
2026-02-26 17:59:52,517 - ETL_Worker - CRITICAL - Unhandled exception in main execution: fetch_oracle_chunk() takes 1 positional argument but 2 were given
2026-02-26 18:08:51,838 - ETL_Worker - INFO - Initializing Database Connections...
2026-02-26 18:08:51,846 - root - INFO - Connected to SQL Server: Onc (fast_executemany enabled)
2026-02-26 18:08:51,846 - root - INFO - Connected to SQL Server: HDS_IMG (fast_executemany enabled)
2026-02-26 18:08:51,846 - ETL_Worker - INFO - Starting ETL Process (Multiprocessing Enabled)...
2026-02-26 18:08:52,067 - ETL_Worker - INFO - Retrieved 83374 records from Onc.
2026-02-26 18:08:52,067 - ETL_Worker - INFO - Step 2: Reading from Oracle (Parallel)...
2026-02-26 18:08:52,762 - ETL_Worker - CRITICAL - Unhandled exception in main execution: fetch_oracle_chunk() takes 1 positional argument but 2 were given
2026-02-26 18:11:07,335 - ETL_Worker - INFO - Initializing Database Connections...
2026-02-26 18:11:07,344 - root - INFO - Connected to SQL Server: Onc (fast_executemany enabled)
2026-02-26 18:11:07,344 - root - INFO - Connected to SQL Server: HDS_IMG (fast_executemany enabled)
2026-02-26 18:11:07,344 - ETL_Worker - INFO - Starting ETL Process (Multiprocessing Enabled)...
2026-02-26 18:11:07,540 - ETL_Worker - INFO - Retrieved 83374 records from Onc.
2026-02-26 18:11:07,540 - ETL_Worker - INFO - Step 2: Reading from Oracle (Parallel)...
2026-02-26 18:11:08,203 - ETL_Worker - CRITICAL - Unhandled exception in main execution: fetch_oracle_chunk() takes 1 positional argument but 2 were given
2026-02-26 18:13:35,847 - ETL_Worker - INFO - Initializing Database Connections...
2026-02-26 18:13:35,855 - root - INFO - Connected to SQL Server: Onc (fast_executemany enabled)
2026-02-26 18:13:35,856 - root - INFO - Connected to SQL Server: HDS_IMG (fast_executemany enabled)
2026-02-26 18:13:35,856 - ETL_Worker - INFO - Starting ETL Process (Multiprocessing Enabled)...
2026-02-26 18:13:36,054 - ETL_Worker - INFO - Retrieved 83374 records from Onc.
2026-02-26 18:13:36,055 - ETL_Worker - INFO - Step 2: Reading from Oracle (Parallel)...
2026-02-26 18:13:36,698 - ETL_Worker - CRITICAL - Unhandled exception in main execution: fetch_oracle_chunk() takes 1 positional argument but 2 were given
2026-02-26 18:15:06,157 - ETL_Worker - INFO - Initializing Database Connections...
2026-02-26 18:15:06,166 - root - INFO - Connected to SQL Server: Onc (fast_executemany enabled)
2026-02-26 18:15:06,166 - root - INFO - Connected to SQL Server: HDS_IMG (fast_executemany enabled)
2026-02-26 18:15:06,166 - ETL_Worker - INFO - Starting ETL Process (Multiprocessing Enabled)...
2026-02-26 18:15:06,369 - ETL_Worker - INFO - Retrieved 83374 records from Onc.
2026-02-26 18:15:06,369 - ETL_Worker - INFO - Step 2: Reading from Oracle (Parallel)...
2026-02-26 18:15:07,014 - ETL_Worker - CRITICAL - Unhandled exception in main execution: fetch_oracle_chunk() missing 1 required positional argument: 'chunk_ids'
2026-02-26 18:15:31,179 - ETL_Worker - INFO - Initializing Database Connections...
2026-02-26 18:15:31,187 - root - INFO - Connected to SQL Server: Onc (fast_executemany enabled)
2026-02-26 18:15:31,187 - root - INFO - Connected to SQL Server: HDS_IMG (fast_executemany enabled)
2026-02-26 18:15:31,187 - ETL_Worker - INFO - Starting ETL Process (Multiprocessing Enabled)...
2026-02-26 18:15:31,382 - ETL_Worker - INFO - Retrieved 83374 records from Onc.
2026-02-26 18:15:31,382 - ETL_Worker - INFO - Step 2: Reading from Oracle (Parallel)...
2026-02-26 18:15:31,835 - ETL_Worker - INFO - ETL Process Completed Successfully.
2026-02-26 18:15:56,957 - ETL_Worker - INFO - Initializing Database Connections...
2026-02-26 18:15:56,966 - root - INFO - Connected to SQL Server: Onc (fast_executemany enabled)
2026-02-26 18:15:56,966 - root - INFO - Connected to SQL Server: HDS_IMG (fast_executemany enabled)
2026-02-26 18:15:56,966 - ETL_Worker - INFO - Starting ETL Process (Multiprocessing Enabled)...
2026-02-26 18:15:57,166 - ETL_Worker - INFO - Retrieved 83374 records from Onc.
2026-02-26 18:15:57,166 - ETL_Worker - INFO - Step 2: Reading from Oracle (Parallel)...
2026-03-01 10:38:09,276 - ETL_Worker - INFO - Initializing Database Connections...
2026-03-01 10:38:09,295 - root - INFO - Connected to SQL Server: Onc (fast_executemany enabled)
2026-03-01 10:38:09,295 - root - INFO - Connected to SQL Server: HDS_IMG (fast_executemany enabled)
2026-03-01 10:38:24,640 - ETL_Worker - INFO - Starting ETL Process (Multiprocessing Enabled)...
2026-03-01 10:38:28,563 - ETL_Worker - INFO - Retrieved 83374 records from Onc.
2026-03-01 10:38:28,911 - ETL_Worker - INFO - Step 2: Reading from Oracle (Parallel)...
2026-03-01 11:00:45,002 - ETL_Worker - INFO - Initializing Database Connections...
2026-03-01 11:00:45,021 - root - INFO - Connected to SQL Server: Onc (fast_executemany enabled)
2026-03-01 11:00:45,021 - root - INFO - Connected to SQL Server: HDS_IMG (fast_executemany enabled)
2026-03-01 11:00:48,352 - ETL_Worker - INFO - Starting ETL Process (Multiprocessing Enabled)...
2026-03-01 11:00:48,647 - ETL_Worker - INFO - Retrieved 83374 records from Onc.
2026-03-01 11:00:48,650 - ETL_Worker - INFO - Step 2: Reading from Oracle (Parallel)...
2026-03-01 11:00:59,937 - ETL_Worker - CRITICAL - Unhandled exception in main execution: fetch_oracle_chunk() takes 1 positional argument but 2 were given
2026-03-01 11:01:23,739 - ETL_Worker - INFO - Initializing Database Connections...
2026-03-01 11:01:23,756 - root - INFO - Connected to SQL Server: Onc (fast_executemany enabled)
2026-03-01 11:01:23,756 - root - INFO - Connected to SQL Server: HDS_IMG (fast_executemany enabled)
2026-03-01 11:01:32,171 - ETL_Worker - INFO - Starting ETL Process (Multiprocessing Enabled)...
2026-03-01 11:01:41,715 - ETL_Worker - INFO - Retrieved 83374 records from Onc.
2026-03-01 11:01:44,761 - ETL_Worker - INFO - Step 2: Reading from Oracle (Parallel)...
2026-03-01 11:02:11,237 - ETL_Worker - CRITICAL - Unhandled exception in main execution: fetch_oracle_chunk() takes 1 positional argument but 2 were given
2026-03-01 11:02:16,287 - ETL_Worker - INFO - Initializing Database Connections...
2026-03-01 11:02:16,303 - root - INFO - Connected to SQL Server: Onc (fast_executemany enabled)
2026-03-01 11:02:16,305 - root - INFO - Connected to SQL Server: HDS_IMG (fast_executemany enabled)
2026-03-01 11:02:19,352 - ETL_Worker - INFO - Starting ETL Process (Multiprocessing Enabled)...
2026-03-01 11:02:21,424 - ETL_Worker - INFO - Retrieved 83374 records from Onc.
2026-03-01 11:02:21,648 - ETL_Worker - INFO - Step 2: Reading from Oracle (Parallel)...
2026-03-01 11:05:18,423 - ETL_Worker - INFO - Initializing Database Connections...
2026-03-01 11:05:18,432 - root - INFO - Connected to SQL Server: Onc (fast_executemany enabled)
2026-03-01 11:05:18,432 - root - INFO - Connected to SQL Server: HDS_IMG (fast_executemany enabled)
2026-03-01 11:05:18,432 - ETL_Worker - INFO - Starting ETL Process (Multiprocessing Enabled)...
2026-03-01 11:05:18,680 - ETL_Worker - INFO - Retrieved 83374 records from Onc.
2026-03-01 11:05:18,680 - ETL_Worker - INFO - Step 2: Reading from Oracle (Parallel)...
2026-03-01 11:05:19,412 - ETL_Worker - CRITICAL - Unhandled exception in main execution: fetch_oracle_chunk() takes 1 positional argument but 2 were given
2026-03-01 11:05:35,662 - ETL_Worker - INFO - Initializing Database Connections...
2026-03-01 11:05:35,678 - root - INFO - Connected to SQL Server: Onc (fast_executemany enabled)
2026-03-01 11:05:35,678 - root - INFO - Connected to SQL Server: HDS_IMG (fast_executemany enabled)
2026-03-01 11:06:14,684 - ETL_Worker - INFO - Starting ETL Process (Multiprocessing Enabled)...
2026-03-01 11:06:18,922 - ETL_Worker - INFO - Retrieved 83374 records from Onc.
2026-03-01 11:06:22,640 - ETL_Worker - INFO - Step 2: Reading from Oracle (Parallel)...
2026-03-01 11:08:47,250 - ETL_Worker - CRITICAL - Unhandled exception in main execution: fetch_oracle_chunk() takes 1 positional argument but 2 were given
